  [1m[36m (279.1ms)[0m  [1mCREATE TABLE "schema_migrations" ("version" character varying NOT NULL) [0m
  [1m[35m (104.8ms)[0m  CREATE UNIQUE INDEX  "unique_schema_migrations" ON "schema_migrations"  ("version")
  [1m[36mActiveRecord::SchemaMigration Load (0.4ms)[0m  [1mSELECT "schema_migrations".* FROM "schema_migrations"[0m
Migrating to DeviseCreateUsers (20151021084919)
  [1m[35m (0.2ms)[0m  BEGIN
DEPRECATION WARNING: `#timestamps` was called without specifying an option for `null`. In Rails 5, this behavior will change to `null: false`. You should manually specify `null: true` to prevent the behavior of your existing migrations from changing. (called from block in change at /home/moorem/Documents/yourstory/db/migrate/20151021084919_devise_create_users.rb:34)
  [1m[36m (226.9ms)[0m  [1mCREATE TABLE "users" ("id" serial primary key, "email" character varying DEFAULT '' NOT NULL, "encrypted_password" character varying DEFAULT '' NOT NULL, "reset_password_token" character varying, "reset_password_sent_at" timestamp, "remember_created_at" timestamp, "sign_in_count" integer DEFAULT 0 NOT NULL, "current_sign_in_at" timestamp, "last_sign_in_at" timestamp, "current_sign_in_ip" character varying, "last_sign_in_ip" character varying, "created_at" timestamp, "updated_at" timestamp) [0m
  [1m[35m (40.0ms)[0m  CREATE UNIQUE INDEX  "index_users_on_email" ON "users"  ("email")
  [1m[36m (40.2ms)[0m  [1mCREATE UNIQUE INDEX  "index_users_on_reset_password_token" ON "users"  ("reset_password_token")[0m
  [1m[35m (38.5ms)[0m  CREATE  INDEX  "index_users_on_provider" ON "users"  ("provider")
PG::UndefinedColumn: ERROR:  column "provider" does not exist
: CREATE  INDEX  "index_users_on_provider" ON "users"  ("provider")
  [1m[36m (0.2ms)[0m  [1mROLLBACK[0m
  [1m[36m (55.8ms)[0m  [1mCREATE TABLE "schema_migrations" ("version" character varying NOT NULL) [0m
  [1m[35m (64.3ms)[0m  CREATE UNIQUE INDEX  "unique_schema_migrations" ON "schema_migrations"  ("version")
  [1m[36mActiveRecord::SchemaMigration Load (0.3ms)[0m  [1mSELECT "schema_migrations".* FROM "schema_migrations"[0m
Migrating to DeviseCreateUsers (20151021084919)
  [1m[35m (0.1ms)[0m  BEGIN
DEPRECATION WARNING: `#timestamps` was called without specifying an option for `null`. In Rails 5, this behavior will change to `null: false`. You should manually specify `null: true` to prevent the behavior of your existing migrations from changing. (called from block in change at /home/moorem/Documents/yourstory/db/migrate/20151021084919_devise_create_users.rb:34)
  [1m[36m (93.0ms)[0m  [1mCREATE TABLE "users" ("id" serial primary key, "email" character varying DEFAULT '' NOT NULL, "encrypted_password" character varying DEFAULT '' NOT NULL, "reset_password_token" character varying, "reset_password_sent_at" timestamp, "remember_created_at" timestamp, "sign_in_count" integer DEFAULT 0 NOT NULL, "current_sign_in_at" timestamp, "last_sign_in_at" timestamp, "current_sign_in_ip" character varying, "last_sign_in_ip" character varying, "created_at" timestamp, "updated_at" timestamp) [0m
  [1m[35m (40.0ms)[0m  CREATE UNIQUE INDEX  "index_users_on_email" ON "users"  ("email")
  [1m[36m (65.0ms)[0m  [1mCREATE UNIQUE INDEX  "index_users_on_reset_password_token" ON "users"  ("reset_password_token")[0m
  [1m[35m (1.7ms)[0m  CREATE  INDEX  "index_users_on_provider" ON "users"  ("provider")
PG::UndefinedColumn: ERROR:  column "provider" does not exist
: CREATE  INDEX  "index_users_on_provider" ON "users"  ("provider")
  [1m[36m (0.1ms)[0m  [1mROLLBACK[0m
  [1m[36m (66.2ms)[0m  [1mCREATE TABLE "schema_migrations" ("version" character varying NOT NULL) [0m
  [1m[35m (55.8ms)[0m  CREATE UNIQUE INDEX  "unique_schema_migrations" ON "schema_migrations"  ("version")
  [1m[36mActiveRecord::SchemaMigration Load (0.3ms)[0m  [1mSELECT "schema_migrations".* FROM "schema_migrations"[0m
Migrating to DeviseCreateUsers (20151021084919)
  [1m[35m (0.1ms)[0m  BEGIN
DEPRECATION WARNING: `#timestamps` was called without specifying an option for `null`. In Rails 5, this behavior will change to `null: false`. You should manually specify `null: true` to prevent the behavior of your existing migrations from changing. (called from block in change at /home/moorem/Documents/yourstory/db/migrate/20151021084919_devise_create_users.rb:36)
  [1m[36m (86.1ms)[0m  [1mCREATE TABLE "users" ("id" serial primary key, "email" character varying DEFAULT '' NOT NULL, "encrypted_password" character varying DEFAULT '' NOT NULL, "reset_password_token" character varying, "reset_password_sent_at" timestamp, "remember_created_at" timestamp, "sign_in_count" integer DEFAULT 0 NOT NULL, "current_sign_in_at" timestamp, "last_sign_in_at" timestamp, "current_sign_in_ip" character varying, "last_sign_in_ip" character varying, "provider" character varying, "uid" character varying, "created_at" timestamp, "updated_at" timestamp) [0m
  [1m[35m (40.0ms)[0m  CREATE UNIQUE INDEX  "index_users_on_email" ON "users"  ("email")
  [1m[36m (59.3ms)[0m  [1mCREATE UNIQUE INDEX  "index_users_on_reset_password_token" ON "users"  ("reset_password_token")[0m
  [1m[35m (46.2ms)[0m  CREATE  INDEX  "index_users_on_provider" ON "users"  ("provider")
  [1m[36m (40.0ms)[0m  [1mCREATE  INDEX  "index_users_on_uid" ON "users"  ("uid")[0m
  [1m[35mSQL (0.4ms)[0m  INSERT INTO "schema_migrations" ("version") VALUES ($1)  [["version", "20151021084919"]]
  [1m[36m (22.7ms)[0m  [1mCOMMIT[0m
  [1m[35mActiveRecord::SchemaMigration Load (0.3ms)[0m  SELECT "schema_migrations".* FROM "schema_migrations"
  [1m[36m (4.7ms)[0m  [1mSELECT t2.oid::regclass::text AS to_table, a1.attname AS column, a2.attname AS primary_key, c.conname AS name, c.confupdtype AS on_update, c.confdeltype AS on_delete
FROM pg_constraint c
JOIN pg_class t1 ON c.conrelid = t1.oid
JOIN pg_class t2 ON c.confrelid = t2.oid
JOIN pg_attribute a1 ON a1.attnum = c.conkey[1] AND a1.attrelid = t1.oid
JOIN pg_attribute a2 ON a2.attnum = c.confkey[1] AND a2.attrelid = t2.oid
JOIN pg_namespace t3 ON c.connamespace = t3.oid
WHERE c.contype = 'f'
  AND t1.relname = 'users'
  AND t3.nspname = ANY (current_schemas(false))
ORDER BY c.conname
[0m


Started GET "/" for 127.0.0.1 at 2015-10-21 14:48:00 +0530
  [1m[36mActiveRecord::SchemaMigration Load (0.5ms)[0m  [1mSELECT "schema_migrations".* FROM "schema_migrations"[0m
Processing by HomeController#index as HTML
  Rendered home/index.html.erb within layouts/application (18.5ms)
Completed 200 OK in 2565ms (Views: 2521.8ms | ActiveRecord: 0.0ms)


Started GET "/assets/application.self-e80e8f2318043e8af94dddc2adad5a4f09739a8ebb323b3ab31cd71d45fd9113.css?body=1" for 127.0.0.1 at 2015-10-21 14:48:03 +0530


Started GET "/assets/jquery.self-a714331225dda820228db323939889f149aec0127aeb06255646b616ba1ca419.js?body=1" for 127.0.0.1 at 2015-10-21 14:48:03 +0530


Started GET "/assets/jquery_ujs.self-d456baa54c1fa6be2ec3711f0a72ddf7a5b2f34a6b4f515f33767d6207b7d4b3.js?body=1" for 127.0.0.1 at 2015-10-21 14:48:03 +0530


Started GET "/assets/application.self-3b8dabdc891efe46b9a144b400ad69e37d7e5876bdc39dee783419a69d7ca819.js?body=1" for 127.0.0.1 at 2015-10-21 14:48:03 +0530


Started GET "/users/sign_up" for 127.0.0.1 at 2015-10-21 14:48:37 +0530
Processing by Devise::RegistrationsController#new as HTML
  Rendered devise/shared/_links.html.erb (2.3ms)
  Rendered devise/registrations/new.html.erb within layouts/application (435.9ms)
Completed 200 OK in 615ms (Views: 557.0ms | ActiveRecord: 25.2ms)


Started GET "/users/sign_up" for 127.0.0.1 at 2015-10-21 14:50:30 +0530
Processing by Devise::RegistrationsController#new as HTML
  Rendered devise/shared/_links.html.erb (0.6ms)
  Rendered devise/registrations/new.html.erb within layouts/application (5.1ms)
Completed 200 OK in 60ms (Views: 58.0ms | ActiveRecord: 0.0ms)


Started GET "/users/sign_up" for 127.0.0.1 at 2015-10-21 14:51:06 +0530
Processing by Devise::RegistrationsController#new as HTML
  Rendered devise/shared/_links.html.erb (0.9ms)
  Rendered devise/registrations/new.html.erb within layouts/application (4.9ms)
Completed 200 OK in 56ms (Views: 54.9ms | ActiveRecord: 0.0ms)


Started GET "/" for 127.0.0.1 at 2015-10-21 14:51:08 +0530
Processing by HomeController#index as HTML
  Rendered home/index.html.erb within layouts/application (0.5ms)
Completed 200 OK in 69ms (Views: 68.4ms | ActiveRecord: 0.0ms)


Started GET "/users/sign_in" for 127.0.0.1 at 2015-10-21 14:51:10 +0530
Processing by Devise::SessionsController#new as HTML
  Rendered devise/shared/_links.html.erb (1.3ms)
  Rendered devise/sessions/new.html.erb within layouts/application (26.7ms)
Completed 200 OK in 126ms (Views: 93.1ms | ActiveRecord: 0.0ms)


Started GET "/users/sign_up" for 127.0.0.1 at 2015-10-21 14:51:12 +0530
Processing by Devise::RegistrationsController#new as HTML
  Rendered devise/shared/_links.html.erb (0.6ms)
  Rendered devise/registrations/new.html.erb within layouts/application (4.1ms)
Completed 200 OK in 51ms (Views: 49.6ms | ActiveRecord: 0.0ms)


Started GET "/users/auth/twitter" for 127.0.0.1 at 2015-10-21 15:03:15 +0530

OAuth::Unauthorized (401 Authorization Required):
  oauth (0.4.7) lib/oauth/consumer.rb:216:in `token_request'
  oauth (0.4.7) lib/oauth/consumer.rb:136:in `get_request_token'
  omniauth-oauth (1.1.0) lib/omniauth/strategies/oauth.rb:28:in `request_phase'
  omniauth-twitter (1.2.0) lib/omniauth/strategies/twitter.rb:60:in `request_phase'
  omniauth (1.2.2) lib/omniauth/strategy.rb:215:in `request_call'
  omniauth (1.2.2) lib/omniauth/strategy.rb:183:in `call!'
  omniauth (1.2.2) lib/omniauth/strategy.rb:164:in `call'
  warden (1.2.3) lib/warden/manager.rb:35:in `block in call'
  warden (1.2.3) lib/warden/manager.rb:34:in `catch'
  warden (1.2.3) lib/warden/manager.rb:34:in `call'
  rack (1.6.4) lib/rack/etag.rb:24:in `call'
  rack (1.6.4) lib/rack/conditionalget.rb:25:in `call'
  rack (1.6.4) lib/rack/head.rb:13:in `call'
  actionpack (4.2.4) lib/action_dispatch/middleware/params_parser.rb:27:in `call'
  actionpack (4.2.4) lib/action_dispatch/middleware/flash.rb:260:in `call'
  rack (1.6.4) lib/rack/session/abstract/id.rb:225:in `context'
  rack (1.6.4) lib/rack/session/abstract/id.rb:220:in `call'
  actionpack (4.2.4) lib/action_dispatch/middleware/cookies.rb:560:in `call'
  activerecord (4.2.4) lib/active_record/query_cache.rb:36:in `call'
  activerecord (4.2.4) lib/active_record/connection_adapters/abstract/connection_pool.rb:653:in `call'
  activerecord (4.2.4) lib/active_record/migration.rb:377:in `call'
  actionpack (4.2.4) lib/action_dispatch/middleware/callbacks.rb:29:in `block in call'
  activesupport (4.2.4) lib/active_support/callbacks.rb:88:in `__run_callbacks__'
  activesupport (4.2.4) lib/active_support/callbacks.rb:778:in `_run_call_callbacks'
  activesupport (4.2.4) lib/active_support/callbacks.rb:81:in `run_callbacks'
  actionpack (4.2.4) lib/action_dispatch/middleware/callbacks.rb:27:in `call'
  actionpack (4.2.4) lib/action_dispatch/middleware/reloader.rb:73:in `call'
  actionpack (4.2.4) lib/action_dispatch/middleware/remote_ip.rb:78:in `call'
  actionpack (4.2.4) lib/action_dispatch/middleware/debug_exceptions.rb:17:in `call'
  web-console (2.2.1) lib/web_console/middleware.rb:39:in `call'
  actionpack (4.2.4) lib/action_dispatch/middleware/show_exceptions.rb:30:in `call'
  railties (4.2.4) lib/rails/rack/logger.rb:38:in `call_app'
  railties (4.2.4) lib/rails/rack/logger.rb:20:in `block in call'
  activesupport (4.2.4) lib/active_support/tagged_logging.rb:68:in `block in tagged'
  activesupport (4.2.4) lib/active_support/tagged_logging.rb:26:in `tagged'
  activesupport (4.2.4) lib/active_support/tagged_logging.rb:68:in `tagged'
  railties (4.2.4) lib/rails/rack/logger.rb:20:in `call'
  actionpack (4.2.4) lib/action_dispatch/middleware/request_id.rb:21:in `call'
  rack (1.6.4) lib/rack/methodoverride.rb:22:in `call'
  rack (1.6.4) lib/rack/runtime.rb:18:in `call'
  activesupport (4.2.4) lib/active_support/cache/strategy/local_cache_middleware.rb:28:in `call'
  rack (1.6.4) lib/rack/lock.rb:17:in `call'
  actionpack (4.2.4) lib/action_dispatch/middleware/static.rb:116:in `call'
  rack (1.6.4) lib/rack/sendfile.rb:113:in `call'
  railties (4.2.4) lib/rails/engine.rb:518:in `call'
  railties (4.2.4) lib/rails/application.rb:165:in `call'
  rack (1.6.4) lib/rack/lock.rb:17:in `call'
  rack (1.6.4) lib/rack/content_length.rb:15:in `call'
  rack (1.6.4) lib/rack/handler/webrick.rb:88:in `service'
  /home/moorem/.rvm/rubies/ruby-2.2.2/lib/ruby/2.2.0/webrick/httpserver.rb:138:in `service'
  /home/moorem/.rvm/rubies/ruby-2.2.2/lib/ruby/2.2.0/webrick/httpserver.rb:94:in `run'
  /home/moorem/.rvm/rubies/ruby-2.2.2/lib/ruby/2.2.0/webrick/server.rb:294:in `block in start_thread'


  Rendered /home/moorem/.rvm/gems/ruby-2.2.2/gems/actionpack-4.2.4/lib/action_dispatch/middleware/templates/rescues/_source.erb (5.4ms)
  Rendered /home/moorem/.rvm/gems/ruby-2.2.2/gems/actionpack-4.2.4/lib/action_dispatch/middleware/templates/rescues/_trace.html.erb (2.7ms)
  Rendered /home/moorem/.rvm/gems/ruby-2.2.2/gems/actionpack-4.2.4/lib/action_dispatch/middleware/templates/rescues/_request_and_response.html.erb (1.3ms)
  Rendered /home/moorem/.rvm/gems/ruby-2.2.2/gems/actionpack-4.2.4/lib/action_dispatch/middleware/templates/rescues/diagnostics.html.erb within rescues/layout (29.9ms)
  Rendered /home/moorem/.rvm/gems/ruby-2.2.2/gems/web-console-2.2.1/lib/web_console/templates/_markup.html.erb (0.4ms)
  Rendered /home/moorem/.rvm/gems/ruby-2.2.2/gems/web-console-2.2.1/lib/web_console/templates/_inner_console_markup.html.erb within layouts/inlined_string (0.4ms)
  Rendered /home/moorem/.rvm/gems/ruby-2.2.2/gems/web-console-2.2.1/lib/web_console/templates/_prompt_box_markup.html.erb within layouts/inlined_string (0.3ms)
  Rendered /home/moorem/.rvm/gems/ruby-2.2.2/gems/web-console-2.2.1/lib/web_console/templates/style.css.erb within layouts/inlined_string (0.6ms)
  Rendered /home/moorem/.rvm/gems/ruby-2.2.2/gems/web-console-2.2.1/lib/web_console/templates/console.js.erb within layouts/javascript (23.8ms)
  Rendered /home/moorem/.rvm/gems/ruby-2.2.2/gems/web-console-2.2.1/lib/web_console/templates/main.js.erb within layouts/javascript (0.3ms)
  Rendered /home/moorem/.rvm/gems/ruby-2.2.2/gems/web-console-2.2.1/lib/web_console/templates/error_page.js.erb within layouts/javascript (0.5ms)
  Rendered /home/moorem/.rvm/gems/ruby-2.2.2/gems/web-console-2.2.1/lib/web_console/templates/index.html.erb (48.7ms)


Started GET "/users/auth/twitter" for 127.0.0.1 at 2015-10-21 15:03:17 +0530

OAuth::Unauthorized (401 Authorization Required):
  oauth (0.4.7) lib/oauth/consumer.rb:216:in `token_request'
  oauth (0.4.7) lib/oauth/consumer.rb:136:in `get_request_token'
  omniauth-oauth (1.1.0) lib/omniauth/strategies/oauth.rb:28:in `request_phase'
  omniauth-twitter (1.2.0) lib/omniauth/strategies/twitter.rb:60:in `request_phase'
  omniauth (1.2.2) lib/omniauth/strategy.rb:215:in `request_call'
  omniauth (1.2.2) lib/omniauth/strategy.rb:183:in `call!'
  omniauth (1.2.2) lib/omniauth/strategy.rb:164:in `call'
  warden (1.2.3) lib/warden/manager.rb:35:in `block in call'
  warden (1.2.3) lib/warden/manager.rb:34:in `catch'
  warden (1.2.3) lib/warden/manager.rb:34:in `call'
  rack (1.6.4) lib/rack/etag.rb:24:in `call'
  rack (1.6.4) lib/rack/conditionalget.rb:25:in `call'
  rack (1.6.4) lib/rack/head.rb:13:in `call'
  actionpack (4.2.4) lib/action_dispatch/middleware/params_parser.rb:27:in `call'
  actionpack (4.2.4) lib/action_dispatch/middleware/flash.rb:260:in `call'
  rack (1.6.4) lib/rack/session/abstract/id.rb:225:in `context'
  rack (1.6.4) lib/rack/session/abstract/id.rb:220:in `call'
  actionpack (4.2.4) lib/action_dispatch/middleware/cookies.rb:560:in `call'
  activerecord (4.2.4) lib/active_record/query_cache.rb:36:in `call'
  activerecord (4.2.4) lib/active_record/connection_adapters/abstract/connection_pool.rb:653:in `call'
  activerecord (4.2.4) lib/active_record/migration.rb:377:in `call'
  actionpack (4.2.4) lib/action_dispatch/middleware/callbacks.rb:29:in `block in call'
  activesupport (4.2.4) lib/active_support/callbacks.rb:88:in `__run_callbacks__'
  activesupport (4.2.4) lib/active_support/callbacks.rb:778:in `_run_call_callbacks'
  activesupport (4.2.4) lib/active_support/callbacks.rb:81:in `run_callbacks'
  actionpack (4.2.4) lib/action_dispatch/middleware/callbacks.rb:27:in `call'
  actionpack (4.2.4) lib/action_dispatch/middleware/reloader.rb:73:in `call'
  actionpack (4.2.4) lib/action_dispatch/middleware/remote_ip.rb:78:in `call'
  actionpack (4.2.4) lib/action_dispatch/middleware/debug_exceptions.rb:17:in `call'
  web-console (2.2.1) lib/web_console/middleware.rb:39:in `call'
  actionpack (4.2.4) lib/action_dispatch/middleware/show_exceptions.rb:30:in `call'
  railties (4.2.4) lib/rails/rack/logger.rb:38:in `call_app'
  railties (4.2.4) lib/rails/rack/logger.rb:20:in `block in call'
  activesupport (4.2.4) lib/active_support/tagged_logging.rb:68:in `block in tagged'
  activesupport (4.2.4) lib/active_support/tagged_logging.rb:26:in `tagged'
  activesupport (4.2.4) lib/active_support/tagged_logging.rb:68:in `tagged'
  railties (4.2.4) lib/rails/rack/logger.rb:20:in `call'
  actionpack (4.2.4) lib/action_dispatch/middleware/request_id.rb:21:in `call'
  rack (1.6.4) lib/rack/methodoverride.rb:22:in `call'
  rack (1.6.4) lib/rack/runtime.rb:18:in `call'
  activesupport (4.2.4) lib/active_support/cache/strategy/local_cache_middleware.rb:28:in `call'
  rack (1.6.4) lib/rack/lock.rb:17:in `call'
  actionpack (4.2.4) lib/action_dispatch/middleware/static.rb:116:in `call'
  rack (1.6.4) lib/rack/sendfile.rb:113:in `call'
  railties (4.2.4) lib/rails/engine.rb:518:in `call'
  railties (4.2.4) lib/rails/application.rb:165:in `call'
  rack (1.6.4) lib/rack/lock.rb:17:in `call'
  rack (1.6.4) lib/rack/content_length.rb:15:in `call'
  rack (1.6.4) lib/rack/handler/webrick.rb:88:in `service'
  /home/moorem/.rvm/rubies/ruby-2.2.2/lib/ruby/2.2.0/webrick/httpserver.rb:138:in `service'
  /home/moorem/.rvm/rubies/ruby-2.2.2/lib/ruby/2.2.0/webrick/httpserver.rb:94:in `run'
  /home/moorem/.rvm/rubies/ruby-2.2.2/lib/ruby/2.2.0/webrick/server.rb:294:in `block in start_thread'


  Rendered /home/moorem/.rvm/gems/ruby-2.2.2/gems/actionpack-4.2.4/lib/action_dispatch/middleware/templates/rescues/_source.erb (5.4ms)
  Rendered /home/moorem/.rvm/gems/ruby-2.2.2/gems/actionpack-4.2.4/lib/action_dispatch/middleware/templates/rescues/_trace.html.erb (3.1ms)
  Rendered /home/moorem/.rvm/gems/ruby-2.2.2/gems/actionpack-4.2.4/lib/action_dispatch/middleware/templates/rescues/_request_and_response.html.erb (1.4ms)
  Rendered /home/moorem/.rvm/gems/ruby-2.2.2/gems/actionpack-4.2.4/lib/action_dispatch/middleware/templates/rescues/diagnostics.html.erb within rescues/layout (28.5ms)
  Rendered /home/moorem/.rvm/gems/ruby-2.2.2/gems/web-console-2.2.1/lib/web_console/templates/_markup.html.erb (0.4ms)
  Rendered /home/moorem/.rvm/gems/ruby-2.2.2/gems/web-console-2.2.1/lib/web_console/templates/_inner_console_markup.html.erb within layouts/inlined_string (0.6ms)
  Rendered /home/moorem/.rvm/gems/ruby-2.2.2/gems/web-console-2.2.1/lib/web_console/templates/_prompt_box_markup.html.erb within layouts/inlined_string (0.3ms)
  Rendered /home/moorem/.rvm/gems/ruby-2.2.2/gems/web-console-2.2.1/lib/web_console/templates/style.css.erb within layouts/inlined_string (0.5ms)
  Rendered /home/moorem/.rvm/gems/ruby-2.2.2/gems/web-console-2.2.1/lib/web_console/templates/console.js.erb within layouts/javascript (22.8ms)
  Rendered /home/moorem/.rvm/gems/ruby-2.2.2/gems/web-console-2.2.1/lib/web_console/templates/main.js.erb within layouts/javascript (0.5ms)
  Rendered /home/moorem/.rvm/gems/ruby-2.2.2/gems/web-console-2.2.1/lib/web_console/templates/error_page.js.erb within layouts/javascript (0.8ms)
  Rendered /home/moorem/.rvm/gems/ruby-2.2.2/gems/web-console-2.2.1/lib/web_console/templates/index.html.erb (46.7ms)


Started GET "/users/auth/twitter" for 127.0.0.1 at 2015-10-21 15:03:17 +0530

OAuth::Unauthorized (401 Authorization Required):
  oauth (0.4.7) lib/oauth/consumer.rb:216:in `token_request'
  oauth (0.4.7) lib/oauth/consumer.rb:136:in `get_request_token'
  omniauth-oauth (1.1.0) lib/omniauth/strategies/oauth.rb:28:in `request_phase'
  omniauth-twitter (1.2.0) lib/omniauth/strategies/twitter.rb:60:in `request_phase'
  omniauth (1.2.2) lib/omniauth/strategy.rb:215:in `request_call'
  omniauth (1.2.2) lib/omniauth/strategy.rb:183:in `call!'
  omniauth (1.2.2) lib/omniauth/strategy.rb:164:in `call'
  warden (1.2.3) lib/warden/manager.rb:35:in `block in call'
  warden (1.2.3) lib/warden/manager.rb:34:in `catch'
  warden (1.2.3) lib/warden/manager.rb:34:in `call'
  rack (1.6.4) lib/rack/etag.rb:24:in `call'
  rack (1.6.4) lib/rack/conditionalget.rb:25:in `call'
  rack (1.6.4) lib/rack/head.rb:13:in `call'
  actionpack (4.2.4) lib/action_dispatch/middleware/params_parser.rb:27:in `call'
  actionpack (4.2.4) lib/action_dispatch/middleware/flash.rb:260:in `call'
  rack (1.6.4) lib/rack/session/abstract/id.rb:225:in `context'
  rack (1.6.4) lib/rack/session/abstract/id.rb:220:in `call'
  actionpack (4.2.4) lib/action_dispatch/middleware/cookies.rb:560:in `call'
  activerecord (4.2.4) lib/active_record/query_cache.rb:36:in `call'
  activerecord (4.2.4) lib/active_record/connection_adapters/abstract/connection_pool.rb:653:in `call'
  activerecord (4.2.4) lib/active_record/migration.rb:377:in `call'
  actionpack (4.2.4) lib/action_dispatch/middleware/callbacks.rb:29:in `block in call'
  activesupport (4.2.4) lib/active_support/callbacks.rb:88:in `__run_callbacks__'
  activesupport (4.2.4) lib/active_support/callbacks.rb:778:in `_run_call_callbacks'
  activesupport (4.2.4) lib/active_support/callbacks.rb:81:in `run_callbacks'
  actionpack (4.2.4) lib/action_dispatch/middleware/callbacks.rb:27:in `call'
  actionpack (4.2.4) lib/action_dispatch/middleware/reloader.rb:73:in `call'
  actionpack (4.2.4) lib/action_dispatch/middleware/remote_ip.rb:78:in `call'
  actionpack (4.2.4) lib/action_dispatch/middleware/debug_exceptions.rb:17:in `call'
  web-console (2.2.1) lib/web_console/middleware.rb:39:in `call'
  actionpack (4.2.4) lib/action_dispatch/middleware/show_exceptions.rb:30:in `call'
  railties (4.2.4) lib/rails/rack/logger.rb:38:in `call_app'
  railties (4.2.4) lib/rails/rack/logger.rb:20:in `block in call'
  activesupport (4.2.4) lib/active_support/tagged_logging.rb:68:in `block in tagged'
  activesupport (4.2.4) lib/active_support/tagged_logging.rb:26:in `tagged'
  activesupport (4.2.4) lib/active_support/tagged_logging.rb:68:in `tagged'
  railties (4.2.4) lib/rails/rack/logger.rb:20:in `call'
  actionpack (4.2.4) lib/action_dispatch/middleware/request_id.rb:21:in `call'
  rack (1.6.4) lib/rack/methodoverride.rb:22:in `call'
  rack (1.6.4) lib/rack/runtime.rb:18:in `call'
  activesupport (4.2.4) lib/active_support/cache/strategy/local_cache_middleware.rb:28:in `call'
  rack (1.6.4) lib/rack/lock.rb:17:in `call'
  actionpack (4.2.4) lib/action_dispatch/middleware/static.rb:116:in `call'
  rack (1.6.4) lib/rack/sendfile.rb:113:in `call'
  railties (4.2.4) lib/rails/engine.rb:518:in `call'
  railties (4.2.4) lib/rails/application.rb:165:in `call'
  rack (1.6.4) lib/rack/lock.rb:17:in `call'
  rack (1.6.4) lib/rack/content_length.rb:15:in `call'
  rack (1.6.4) lib/rack/handler/webrick.rb:88:in `service'
  /home/moorem/.rvm/rubies/ruby-2.2.2/lib/ruby/2.2.0/webrick/httpserver.rb:138:in `service'
  /home/moorem/.rvm/rubies/ruby-2.2.2/lib/ruby/2.2.0/webrick/httpserver.rb:94:in `run'
  /home/moorem/.rvm/rubies/ruby-2.2.2/lib/ruby/2.2.0/webrick/server.rb:294:in `block in start_thread'


  Rendered /home/moorem/.rvm/gems/ruby-2.2.2/gems/actionpack-4.2.4/lib/action_dispatch/middleware/templates/rescues/_source.erb (5.4ms)
  Rendered /home/moorem/.rvm/gems/ruby-2.2.2/gems/actionpack-4.2.4/lib/action_dispatch/middleware/templates/rescues/_trace.html.erb (2.7ms)
  Rendered /home/moorem/.rvm/gems/ruby-2.2.2/gems/actionpack-4.2.4/lib/action_dispatch/middleware/templates/rescues/_request_and_response.html.erb (1.2ms)
  Rendered /home/moorem/.rvm/gems/ruby-2.2.2/gems/actionpack-4.2.4/lib/action_dispatch/middleware/templates/rescues/diagnostics.html.erb within rescues/layout (27.8ms)
  Rendered /home/moorem/.rvm/gems/ruby-2.2.2/gems/web-console-2.2.1/lib/web_console/templates/_markup.html.erb (0.5ms)
  Rendered /home/moorem/.rvm/gems/ruby-2.2.2/gems/web-console-2.2.1/lib/web_console/templates/_inner_console_markup.html.erb within layouts/inlined_string (0.4ms)
  Rendered /home/moorem/.rvm/gems/ruby-2.2.2/gems/web-console-2.2.1/lib/web_console/templates/_prompt_box_markup.html.erb within layouts/inlined_string (0.3ms)
  Rendered /home/moorem/.rvm/gems/ruby-2.2.2/gems/web-console-2.2.1/lib/web_console/templates/style.css.erb within layouts/inlined_string (0.4ms)
  Rendered /home/moorem/.rvm/gems/ruby-2.2.2/gems/web-console-2.2.1/lib/web_console/templates/console.js.erb within layouts/javascript (21.8ms)
  Rendered /home/moorem/.rvm/gems/ruby-2.2.2/gems/web-console-2.2.1/lib/web_console/templates/main.js.erb within layouts/javascript (0.4ms)
  Rendered /home/moorem/.rvm/gems/ruby-2.2.2/gems/web-console-2.2.1/lib/web_console/templates/error_page.js.erb within layouts/javascript (0.7ms)
  Rendered /home/moorem/.rvm/gems/ruby-2.2.2/gems/web-console-2.2.1/lib/web_console/templates/index.html.erb (44.9ms)


Started GET "/" for 127.0.0.1 at 2015-10-21 15:10:06 +0530
Processing by HomeController#index as HTML
  Rendered home/index.html.erb within layouts/application (0.1ms)
Completed 200 OK in 48ms (Views: 47.7ms | ActiveRecord: 0.0ms)


Started GET "/users/sign_up" for 127.0.0.1 at 2015-10-21 15:10:08 +0530
Processing by Devise::RegistrationsController#new as HTML
  Rendered devise/shared/_links.html.erb (0.6ms)
  Rendered devise/registrations/new.html.erb within layouts/application (4.4ms)
Completed 200 OK in 65ms (Views: 44.1ms | ActiveRecord: 2.4ms)


Started GET "/users/sign_in" for 127.0.0.1 at 2015-10-21 15:14:32 +0530
Processing by Devise::SessionsController#new as HTML
  Rendered devise/shared/_links.html.erb (0.9ms)
  Rendered devise/sessions/new.html.erb within layouts/application (4.1ms)
Completed 200 OK in 44ms (Views: 41.8ms | ActiveRecord: 0.0ms)


Started POST "/users/sign_in" for 127.0.0.1 at 2015-10-21 15:14:35 +0530
Processing by Devise::SessionsController#create as HTML
  Parameters: {"utf8"=>"✓", "authenticity_token"=>"24yEvTkeiKNBCRSj4Ck2Kxd57js6OFhKMYme6JIXpbJhJ4xSo7S2kCkOYsFhJrI4i106tfUGbfSULz5F4+Qz+w==", "user"=>{"email"=>"thilakrex@gmail.com", "password"=>"[FILTERED]", "remember_me"=>"0"}, "commit"=>"Log in"}
  [1m[35mUser Load (58.5ms)[0m  SELECT  "users".* FROM "users" WHERE "users"."email" = $1  ORDER BY "users"."id" ASC LIMIT 1  [["email", "thilakrex@gmail.com"]]
Completed 401 Unauthorized in 212ms (ActiveRecord: 58.8ms)
Processing by Devise::SessionsController#new as HTML
  Parameters: {"utf8"=>"✓", "authenticity_token"=>"24yEvTkeiKNBCRSj4Ck2Kxd57js6OFhKMYme6JIXpbJhJ4xSo7S2kCkOYsFhJrI4i106tfUGbfSULz5F4+Qz+w==", "user"=>{"email"=>"thilakrex@gmail.com", "password"=>"[FILTERED]", "remember_me"=>"0"}, "commit"=>"Log in"}
  Rendered devise/shared/_links.html.erb (0.7ms)
  Rendered devise/sessions/new.html.erb within layouts/application (4.0ms)
Completed 200 OK in 151ms (Views: 41.4ms | ActiveRecord: 0.0ms)
  [1m[36mUser Load (0.7ms)[0m  [1mSELECT "users".* FROM "users"[0m
  [1m[35mUser Load (1.7ms)[0m  SELECT  "users".* FROM "users"  ORDER BY "users"."id" DESC LIMIT 1


Started GET "/users/sign_up" for 127.0.0.1 at 2015-10-21 15:15:46 +0530
Processing by Devise::RegistrationsController#new as HTML
  Rendered devise/shared/_links.html.erb (0.7ms)
  Rendered devise/registrations/new.html.erb within layouts/application (4.3ms)
Completed 200 OK in 47ms (Views: 45.1ms | ActiveRecord: 0.0ms)


Started GET "/users/sign_up" for 127.0.0.1 at 2015-10-21 15:20:09 +0530
Processing by RegistrationsController#new as HTML
  Rendered devise/shared/_links.html.erb (0.6ms)
  Rendered devise/registrations/new.html.erb within layouts/application (7.3ms)
Completed 200 OK in 103ms (Views: 77.4ms | ActiveRecord: 2.7ms)


Started GET "/users/auth/twitter" for 127.0.0.1 at 2015-10-21 15:20:11 +0530

OAuth::Unauthorized (401 Authorization Required):
  oauth (0.4.7) lib/oauth/consumer.rb:216:in `token_request'
  oauth (0.4.7) lib/oauth/consumer.rb:136:in `get_request_token'
  omniauth-oauth (1.1.0) lib/omniauth/strategies/oauth.rb:28:in `request_phase'
  omniauth-twitter (1.2.0) lib/omniauth/strategies/twitter.rb:60:in `request_phase'
  omniauth (1.2.2) lib/omniauth/strategy.rb:215:in `request_call'
  omniauth (1.2.2) lib/omniauth/strategy.rb:183:in `call!'
  omniauth (1.2.2) lib/omniauth/strategy.rb:164:in `call'
  warden (1.2.3) lib/warden/manager.rb:35:in `block in call'
  warden (1.2.3) lib/warden/manager.rb:34:in `catch'
  warden (1.2.3) lib/warden/manager.rb:34:in `call'
  rack (1.6.4) lib/rack/etag.rb:24:in `call'
  rack (1.6.4) lib/rack/conditionalget.rb:25:in `call'
  rack (1.6.4) lib/rack/head.rb:13:in `call'
  actionpack (4.2.4) lib/action_dispatch/middleware/params_parser.rb:27:in `call'
  actionpack (4.2.4) lib/action_dispatch/middleware/flash.rb:260:in `call'
  rack (1.6.4) lib/rack/session/abstract/id.rb:225:in `context'
  rack (1.6.4) lib/rack/session/abstract/id.rb:220:in `call'
  actionpack (4.2.4) lib/action_dispatch/middleware/cookies.rb:560:in `call'
  activerecord (4.2.4) lib/active_record/query_cache.rb:36:in `call'
  activerecord (4.2.4) lib/active_record/connection_adapters/abstract/connection_pool.rb:653:in `call'
  activerecord (4.2.4) lib/active_record/migration.rb:377:in `call'
  actionpack (4.2.4) lib/action_dispatch/middleware/callbacks.rb:29:in `block in call'
  activesupport (4.2.4) lib/active_support/callbacks.rb:88:in `__run_callbacks__'
  activesupport (4.2.4) lib/active_support/callbacks.rb:778:in `_run_call_callbacks'
  activesupport (4.2.4) lib/active_support/callbacks.rb:81:in `run_callbacks'
  actionpack (4.2.4) lib/action_dispatch/middleware/callbacks.rb:27:in `call'
  actionpack (4.2.4) lib/action_dispatch/middleware/reloader.rb:73:in `call'
  actionpack (4.2.4) lib/action_dispatch/middleware/remote_ip.rb:78:in `call'
  actionpack (4.2.4) lib/action_dispatch/middleware/debug_exceptions.rb:17:in `call'
  web-console (2.2.1) lib/web_console/middleware.rb:39:in `call'
  actionpack (4.2.4) lib/action_dispatch/middleware/show_exceptions.rb:30:in `call'
  railties (4.2.4) lib/rails/rack/logger.rb:38:in `call_app'
  railties (4.2.4) lib/rails/rack/logger.rb:20:in `block in call'
  activesupport (4.2.4) lib/active_support/tagged_logging.rb:68:in `block in tagged'
  activesupport (4.2.4) lib/active_support/tagged_logging.rb:26:in `tagged'
  activesupport (4.2.4) lib/active_support/tagged_logging.rb:68:in `tagged'
  railties (4.2.4) lib/rails/rack/logger.rb:20:in `call'
  actionpack (4.2.4) lib/action_dispatch/middleware/request_id.rb:21:in `call'
  rack (1.6.4) lib/rack/methodoverride.rb:22:in `call'
  rack (1.6.4) lib/rack/runtime.rb:18:in `call'
  activesupport (4.2.4) lib/active_support/cache/strategy/local_cache_middleware.rb:28:in `call'
  rack (1.6.4) lib/rack/lock.rb:17:in `call'
  actionpack (4.2.4) lib/action_dispatch/middleware/static.rb:116:in `call'
  rack (1.6.4) lib/rack/sendfile.rb:113:in `call'
  railties (4.2.4) lib/rails/engine.rb:518:in `call'
  railties (4.2.4) lib/rails/application.rb:165:in `call'
  rack (1.6.4) lib/rack/lock.rb:17:in `call'
  rack (1.6.4) lib/rack/content_length.rb:15:in `call'
  rack (1.6.4) lib/rack/handler/webrick.rb:88:in `service'
  /home/moorem/.rvm/rubies/ruby-2.2.2/lib/ruby/2.2.0/webrick/httpserver.rb:138:in `service'
  /home/moorem/.rvm/rubies/ruby-2.2.2/lib/ruby/2.2.0/webrick/httpserver.rb:94:in `run'
  /home/moorem/.rvm/rubies/ruby-2.2.2/lib/ruby/2.2.0/webrick/server.rb:294:in `block in start_thread'


  Rendered /home/moorem/.rvm/gems/ruby-2.2.2/gems/actionpack-4.2.4/lib/action_dispatch/middleware/templates/rescues/_source.erb (5.3ms)
  Rendered /home/moorem/.rvm/gems/ruby-2.2.2/gems/actionpack-4.2.4/lib/action_dispatch/middleware/templates/rescues/_trace.html.erb (2.6ms)
  Rendered /home/moorem/.rvm/gems/ruby-2.2.2/gems/actionpack-4.2.4/lib/action_dispatch/middleware/templates/rescues/_request_and_response.html.erb (1.2ms)
  Rendered /home/moorem/.rvm/gems/ruby-2.2.2/gems/actionpack-4.2.4/lib/action_dispatch/middleware/templates/rescues/diagnostics.html.erb within rescues/layout (27.3ms)
  Rendered /home/moorem/.rvm/gems/ruby-2.2.2/gems/web-console-2.2.1/lib/web_console/templates/_markup.html.erb (0.4ms)
  Rendered /home/moorem/.rvm/gems/ruby-2.2.2/gems/web-console-2.2.1/lib/web_console/templates/_inner_console_markup.html.erb within layouts/inlined_string (0.3ms)
  Rendered /home/moorem/.rvm/gems/ruby-2.2.2/gems/web-console-2.2.1/lib/web_console/templates/_prompt_box_markup.html.erb within layouts/inlined_string (0.3ms)
  Rendered /home/moorem/.rvm/gems/ruby-2.2.2/gems/web-console-2.2.1/lib/web_console/templates/style.css.erb within layouts/inlined_string (0.3ms)
  Rendered /home/moorem/.rvm/gems/ruby-2.2.2/gems/web-console-2.2.1/lib/web_console/templates/console.js.erb within layouts/javascript (20.8ms)
  Rendered /home/moorem/.rvm/gems/ruby-2.2.2/gems/web-console-2.2.1/lib/web_console/templates/main.js.erb within layouts/javascript (0.3ms)
  Rendered /home/moorem/.rvm/gems/ruby-2.2.2/gems/web-console-2.2.1/lib/web_console/templates/error_page.js.erb within layouts/javascript (0.4ms)
  Rendered /home/moorem/.rvm/gems/ruby-2.2.2/gems/web-console-2.2.1/lib/web_console/templates/index.html.erb (41.9ms)


Started GET "/users/auth/twitter" for 127.0.0.1 at 2015-10-21 15:20:12 +0530

OAuth::Unauthorized (401 Authorization Required):
  oauth (0.4.7) lib/oauth/consumer.rb:216:in `token_request'
  oauth (0.4.7) lib/oauth/consumer.rb:136:in `get_request_token'
  omniauth-oauth (1.1.0) lib/omniauth/strategies/oauth.rb:28:in `request_phase'
  omniauth-twitter (1.2.0) lib/omniauth/strategies/twitter.rb:60:in `request_phase'
  omniauth (1.2.2) lib/omniauth/strategy.rb:215:in `request_call'
  omniauth (1.2.2) lib/omniauth/strategy.rb:183:in `call!'
  omniauth (1.2.2) lib/omniauth/strategy.rb:164:in `call'
  warden (1.2.3) lib/warden/manager.rb:35:in `block in call'
  warden (1.2.3) lib/warden/manager.rb:34:in `catch'
  warden (1.2.3) lib/warden/manager.rb:34:in `call'
  rack (1.6.4) lib/rack/etag.rb:24:in `call'
  rack (1.6.4) lib/rack/conditionalget.rb:25:in `call'
  rack (1.6.4) lib/rack/head.rb:13:in `call'
  actionpack (4.2.4) lib/action_dispatch/middleware/params_parser.rb:27:in `call'
  actionpack (4.2.4) lib/action_dispatch/middleware/flash.rb:260:in `call'
  rack (1.6.4) lib/rack/session/abstract/id.rb:225:in `context'
  rack (1.6.4) lib/rack/session/abstract/id.rb:220:in `call'
  actionpack (4.2.4) lib/action_dispatch/middleware/cookies.rb:560:in `call'
  activerecord (4.2.4) lib/active_record/query_cache.rb:36:in `call'
  activerecord (4.2.4) lib/active_record/connection_adapters/abstract/connection_pool.rb:653:in `call'
  activerecord (4.2.4) lib/active_record/migration.rb:377:in `call'
  actionpack (4.2.4) lib/action_dispatch/middleware/callbacks.rb:29:in `block in call'
  activesupport (4.2.4) lib/active_support/callbacks.rb:88:in `__run_callbacks__'
  activesupport (4.2.4) lib/active_support/callbacks.rb:778:in `_run_call_callbacks'
  activesupport (4.2.4) lib/active_support/callbacks.rb:81:in `run_callbacks'
  actionpack (4.2.4) lib/action_dispatch/middleware/callbacks.rb:27:in `call'
  actionpack (4.2.4) lib/action_dispatch/middleware/reloader.rb:73:in `call'
  actionpack (4.2.4) lib/action_dispatch/middleware/remote_ip.rb:78:in `call'
  actionpack (4.2.4) lib/action_dispatch/middleware/debug_exceptions.rb:17:in `call'
  web-console (2.2.1) lib/web_console/middleware.rb:39:in `call'
  actionpack (4.2.4) lib/action_dispatch/middleware/show_exceptions.rb:30:in `call'
  railties (4.2.4) lib/rails/rack/logger.rb:38:in `call_app'
  railties (4.2.4) lib/rails/rack/logger.rb:20:in `block in call'
  activesupport (4.2.4) lib/active_support/tagged_logging.rb:68:in `block in tagged'
  activesupport (4.2.4) lib/active_support/tagged_logging.rb:26:in `tagged'
  activesupport (4.2.4) lib/active_support/tagged_logging.rb:68:in `tagged'
  railties (4.2.4) lib/rails/rack/logger.rb:20:in `call'
  actionpack (4.2.4) lib/action_dispatch/middleware/request_id.rb:21:in `call'
  rack (1.6.4) lib/rack/methodoverride.rb:22:in `call'
  rack (1.6.4) lib/rack/runtime.rb:18:in `call'
  activesupport (4.2.4) lib/active_support/cache/strategy/local_cache_middleware.rb:28:in `call'
  rack (1.6.4) lib/rack/lock.rb:17:in `call'
  actionpack (4.2.4) lib/action_dispatch/middleware/static.rb:116:in `call'
  rack (1.6.4) lib/rack/sendfile.rb:113:in `call'
  railties (4.2.4) lib/rails/engine.rb:518:in `call'
  railties (4.2.4) lib/rails/application.rb:165:in `call'
  rack (1.6.4) lib/rack/lock.rb:17:in `call'
  rack (1.6.4) lib/rack/content_length.rb:15:in `call'
  rack (1.6.4) lib/rack/handler/webrick.rb:88:in `service'
  /home/moorem/.rvm/rubies/ruby-2.2.2/lib/ruby/2.2.0/webrick/httpserver.rb:138:in `service'
  /home/moorem/.rvm/rubies/ruby-2.2.2/lib/ruby/2.2.0/webrick/httpserver.rb:94:in `run'
  /home/moorem/.rvm/rubies/ruby-2.2.2/lib/ruby/2.2.0/webrick/server.rb:294:in `block in start_thread'


  Rendered /home/moorem/.rvm/gems/ruby-2.2.2/gems/actionpack-4.2.4/lib/action_dispatch/middleware/templates/rescues/_source.erb (5.6ms)
  Rendered /home/moorem/.rvm/gems/ruby-2.2.2/gems/actionpack-4.2.4/lib/action_dispatch/middleware/templates/rescues/_trace.html.erb (2.7ms)
  Rendered /home/moorem/.rvm/gems/ruby-2.2.2/gems/actionpack-4.2.4/lib/action_dispatch/middleware/templates/rescues/_request_and_response.html.erb (1.2ms)
  Rendered /home/moorem/.rvm/gems/ruby-2.2.2/gems/actionpack-4.2.4/lib/action_dispatch/middleware/templates/rescues/diagnostics.html.erb within rescues/layout (28.1ms)
  Rendered /home/moorem/.rvm/gems/ruby-2.2.2/gems/web-console-2.2.1/lib/web_console/templates/_markup.html.erb (0.6ms)
  Rendered /home/moorem/.rvm/gems/ruby-2.2.2/gems/web-console-2.2.1/lib/web_console/templates/_inner_console_markup.html.erb within layouts/inlined_string (0.5ms)
  Rendered /home/moorem/.rvm/gems/ruby-2.2.2/gems/web-console-2.2.1/lib/web_console/templates/_prompt_box_markup.html.erb within layouts/inlined_string (0.3ms)
  Rendered /home/moorem/.rvm/gems/ruby-2.2.2/gems/web-console-2.2.1/lib/web_console/templates/style.css.erb within layouts/inlined_string (0.5ms)
  Rendered /home/moorem/.rvm/gems/ruby-2.2.2/gems/web-console-2.2.1/lib/web_console/templates/console.js.erb within layouts/javascript (21.2ms)
  Rendered /home/moorem/.rvm/gems/ruby-2.2.2/gems/web-console-2.2.1/lib/web_console/templates/main.js.erb within layouts/javascript (0.4ms)
  Rendered /home/moorem/.rvm/gems/ruby-2.2.2/gems/web-console-2.2.1/lib/web_console/templates/error_page.js.erb within layouts/javascript (0.5ms)
  Rendered /home/moorem/.rvm/gems/ruby-2.2.2/gems/web-console-2.2.1/lib/web_console/templates/index.html.erb (44.1ms)


Started GET "/" for 127.0.0.1 at 2015-10-21 15:30:07 +0530
  [1m[36mActiveRecord::SchemaMigration Load (0.6ms)[0m  [1mSELECT "schema_migrations".* FROM "schema_migrations"[0m
Processing by HomeController#index as HTML
  Rendered home/index.html.erb within layouts/application (11.9ms)
Completed 200 OK in 545ms (Views: 505.3ms | ActiveRecord: 0.0ms)


Started GET "/" for 127.0.0.1 at 2015-10-21 15:30:07 +0530
Processing by HomeController#index as HTML
  Rendered home/index.html.erb within layouts/application (0.1ms)
Completed 200 OK in 50ms (Views: 49.1ms | ActiveRecord: 0.0ms)


Started GET "/users/sign_up" for 127.0.0.1 at 2015-10-21 15:30:12 +0530
Processing by RegistrationsController#new as HTML
  Rendered devise/shared/_links.html.erb (7.0ms)
  Rendered devise/registrations/new.html.erb within layouts/application (136.5ms)
Completed 200 OK in 224ms (Views: 203.5ms | ActiveRecord: 3.2ms)


Started GET "/users/auth/twitter" for 127.0.0.1 at 2015-10-21 15:30:13 +0530

OAuth::Unauthorized (401 Authorization Required):
  oauth (0.4.7) lib/oauth/consumer.rb:216:in `token_request'
  oauth (0.4.7) lib/oauth/consumer.rb:136:in `get_request_token'
  omniauth-oauth (1.1.0) lib/omniauth/strategies/oauth.rb:28:in `request_phase'
  omniauth-twitter (1.2.0) lib/omniauth/strategies/twitter.rb:60:in `request_phase'
  omniauth (1.2.2) lib/omniauth/strategy.rb:215:in `request_call'
  omniauth (1.2.2) lib/omniauth/strategy.rb:183:in `call!'
  omniauth (1.2.2) lib/omniauth/strategy.rb:164:in `call'
  warden (1.2.3) lib/warden/manager.rb:35:in `block in call'
  warden (1.2.3) lib/warden/manager.rb:34:in `catch'
  warden (1.2.3) lib/warden/manager.rb:34:in `call'
  rack (1.6.4) lib/rack/etag.rb:24:in `call'
  rack (1.6.4) lib/rack/conditionalget.rb:25:in `call'
  rack (1.6.4) lib/rack/head.rb:13:in `call'
  actionpack (4.2.4) lib/action_dispatch/middleware/params_parser.rb:27:in `call'
  actionpack (4.2.4) lib/action_dispatch/middleware/flash.rb:260:in `call'
  rack (1.6.4) lib/rack/session/abstract/id.rb:225:in `context'
  rack (1.6.4) lib/rack/session/abstract/id.rb:220:in `call'
  actionpack (4.2.4) lib/action_dispatch/middleware/cookies.rb:560:in `call'
  activerecord (4.2.4) lib/active_record/query_cache.rb:36:in `call'
  activerecord (4.2.4) lib/active_record/connection_adapters/abstract/connection_pool.rb:653:in `call'
  activerecord (4.2.4) lib/active_record/migration.rb:377:in `call'
  actionpack (4.2.4) lib/action_dispatch/middleware/callbacks.rb:29:in `block in call'
  activesupport (4.2.4) lib/active_support/callbacks.rb:88:in `__run_callbacks__'
  activesupport (4.2.4) lib/active_support/callbacks.rb:778:in `_run_call_callbacks'
  activesupport (4.2.4) lib/active_support/callbacks.rb:81:in `run_callbacks'
  actionpack (4.2.4) lib/action_dispatch/middleware/callbacks.rb:27:in `call'
  actionpack (4.2.4) lib/action_dispatch/middleware/reloader.rb:73:in `call'
  actionpack (4.2.4) lib/action_dispatch/middleware/remote_ip.rb:78:in `call'
  actionpack (4.2.4) lib/action_dispatch/middleware/debug_exceptions.rb:17:in `call'
  web-console (2.2.1) lib/web_console/middleware.rb:39:in `call'
  actionpack (4.2.4) lib/action_dispatch/middleware/show_exceptions.rb:30:in `call'
  railties (4.2.4) lib/rails/rack/logger.rb:38:in `call_app'
  railties (4.2.4) lib/rails/rack/logger.rb:20:in `block in call'
  activesupport (4.2.4) lib/active_support/tagged_logging.rb:68:in `block in tagged'
  activesupport (4.2.4) lib/active_support/tagged_logging.rb:26:in `tagged'
  activesupport (4.2.4) lib/active_support/tagged_logging.rb:68:in `tagged'
  railties (4.2.4) lib/rails/rack/logger.rb:20:in `call'
  actionpack (4.2.4) lib/action_dispatch/middleware/request_id.rb:21:in `call'
  rack (1.6.4) lib/rack/methodoverride.rb:22:in `call'
  rack (1.6.4) lib/rack/runtime.rb:18:in `call'
  activesupport (4.2.4) lib/active_support/cache/strategy/local_cache_middleware.rb:28:in `call'
  rack (1.6.4) lib/rack/lock.rb:17:in `call'
  actionpack (4.2.4) lib/action_dispatch/middleware/static.rb:116:in `call'
  rack (1.6.4) lib/rack/sendfile.rb:113:in `call'
  railties (4.2.4) lib/rails/engine.rb:518:in `call'
  railties (4.2.4) lib/rails/application.rb:165:in `call'
  rack (1.6.4) lib/rack/lock.rb:17:in `call'
  rack (1.6.4) lib/rack/content_length.rb:15:in `call'
  rack (1.6.4) lib/rack/handler/webrick.rb:88:in `service'
  /home/moorem/.rvm/rubies/ruby-2.2.2/lib/ruby/2.2.0/webrick/httpserver.rb:138:in `service'
  /home/moorem/.rvm/rubies/ruby-2.2.2/lib/ruby/2.2.0/webrick/httpserver.rb:94:in `run'
  /home/moorem/.rvm/rubies/ruby-2.2.2/lib/ruby/2.2.0/webrick/server.rb:294:in `block in start_thread'


  Rendered /home/moorem/.rvm/gems/ruby-2.2.2/gems/actionpack-4.2.4/lib/action_dispatch/middleware/templates/rescues/_source.erb (5.4ms)
  Rendered /home/moorem/.rvm/gems/ruby-2.2.2/gems/actionpack-4.2.4/lib/action_dispatch/middleware/templates/rescues/_trace.html.erb (2.7ms)
  Rendered /home/moorem/.rvm/gems/ruby-2.2.2/gems/actionpack-4.2.4/lib/action_dispatch/middleware/templates/rescues/_request_and_response.html.erb (1.3ms)
  Rendered /home/moorem/.rvm/gems/ruby-2.2.2/gems/actionpack-4.2.4/lib/action_dispatch/middleware/templates/rescues/diagnostics.html.erb within rescues/layout (27.9ms)
  Rendered /home/moorem/.rvm/gems/ruby-2.2.2/gems/web-console-2.2.1/lib/web_console/templates/_markup.html.erb (0.5ms)
  Rendered /home/moorem/.rvm/gems/ruby-2.2.2/gems/web-console-2.2.1/lib/web_console/templates/_inner_console_markup.html.erb within layouts/inlined_string (0.3ms)
  Rendered /home/moorem/.rvm/gems/ruby-2.2.2/gems/web-console-2.2.1/lib/web_console/templates/_prompt_box_markup.html.erb within layouts/inlined_string (0.3ms)
  Rendered /home/moorem/.rvm/gems/ruby-2.2.2/gems/web-console-2.2.1/lib/web_console/templates/style.css.erb within layouts/inlined_string (0.4ms)
  Rendered /home/moorem/.rvm/gems/ruby-2.2.2/gems/web-console-2.2.1/lib/web_console/templates/console.js.erb within layouts/javascript (21.7ms)
  Rendered /home/moorem/.rvm/gems/ruby-2.2.2/gems/web-console-2.2.1/lib/web_console/templates/main.js.erb within layouts/javascript (0.3ms)
  Rendered /home/moorem/.rvm/gems/ruby-2.2.2/gems/web-console-2.2.1/lib/web_console/templates/error_page.js.erb within layouts/javascript (0.6ms)
  Rendered /home/moorem/.rvm/gems/ruby-2.2.2/gems/web-console-2.2.1/lib/web_console/templates/index.html.erb (44.9ms)


Started GET "/users/auth/twitter" for 127.0.0.1 at 2015-10-21 15:30:14 +0530

OAuth::Unauthorized (401 Authorization Required):
  oauth (0.4.7) lib/oauth/consumer.rb:216:in `token_request'
  oauth (0.4.7) lib/oauth/consumer.rb:136:in `get_request_token'
  omniauth-oauth (1.1.0) lib/omniauth/strategies/oauth.rb:28:in `request_phase'
  omniauth-twitter (1.2.0) lib/omniauth/strategies/twitter.rb:60:in `request_phase'
  omniauth (1.2.2) lib/omniauth/strategy.rb:215:in `request_call'
  omniauth (1.2.2) lib/omniauth/strategy.rb:183:in `call!'
  omniauth (1.2.2) lib/omniauth/strategy.rb:164:in `call'
  warden (1.2.3) lib/warden/manager.rb:35:in `block in call'
  warden (1.2.3) lib/warden/manager.rb:34:in `catch'
  warden (1.2.3) lib/warden/manager.rb:34:in `call'
  rack (1.6.4) lib/rack/etag.rb:24:in `call'
  rack (1.6.4) lib/rack/conditionalget.rb:25:in `call'
  rack (1.6.4) lib/rack/head.rb:13:in `call'
  actionpack (4.2.4) lib/action_dispatch/middleware/params_parser.rb:27:in `call'
  actionpack (4.2.4) lib/action_dispatch/middleware/flash.rb:260:in `call'
  rack (1.6.4) lib/rack/session/abstract/id.rb:225:in `context'
  rack (1.6.4) lib/rack/session/abstract/id.rb:220:in `call'
  actionpack (4.2.4) lib/action_dispatch/middleware/cookies.rb:560:in `call'
  activerecord (4.2.4) lib/active_record/query_cache.rb:36:in `call'
  activerecord (4.2.4) lib/active_record/connection_adapters/abstract/connection_pool.rb:653:in `call'
  activerecord (4.2.4) lib/active_record/migration.rb:377:in `call'
  actionpack (4.2.4) lib/action_dispatch/middleware/callbacks.rb:29:in `block in call'
  activesupport (4.2.4) lib/active_support/callbacks.rb:88:in `__run_callbacks__'
  activesupport (4.2.4) lib/active_support/callbacks.rb:778:in `_run_call_callbacks'
  activesupport (4.2.4) lib/active_support/callbacks.rb:81:in `run_callbacks'
  actionpack (4.2.4) lib/action_dispatch/middleware/callbacks.rb:27:in `call'
  actionpack (4.2.4) lib/action_dispatch/middleware/reloader.rb:73:in `call'
  actionpack (4.2.4) lib/action_dispatch/middleware/remote_ip.rb:78:in `call'
  actionpack (4.2.4) lib/action_dispatch/middleware/debug_exceptions.rb:17:in `call'
  web-console (2.2.1) lib/web_console/middleware.rb:39:in `call'
  actionpack (4.2.4) lib/action_dispatch/middleware/show_exceptions.rb:30:in `call'
  railties (4.2.4) lib/rails/rack/logger.rb:38:in `call_app'
  railties (4.2.4) lib/rails/rack/logger.rb:20:in `block in call'
  activesupport (4.2.4) lib/active_support/tagged_logging.rb:68:in `block in tagged'
  activesupport (4.2.4) lib/active_support/tagged_logging.rb:26:in `tagged'
  activesupport (4.2.4) lib/active_support/tagged_logging.rb:68:in `tagged'
  railties (4.2.4) lib/rails/rack/logger.rb:20:in `call'
  actionpack (4.2.4) lib/action_dispatch/middleware/request_id.rb:21:in `call'
  rack (1.6.4) lib/rack/methodoverride.rb:22:in `call'
  rack (1.6.4) lib/rack/runtime.rb:18:in `call'
  activesupport (4.2.4) lib/active_support/cache/strategy/local_cache_middleware.rb:28:in `call'
  rack (1.6.4) lib/rack/lock.rb:17:in `call'
  actionpack (4.2.4) lib/action_dispatch/middleware/static.rb:116:in `call'
  rack (1.6.4) lib/rack/sendfile.rb:113:in `call'
  railties (4.2.4) lib/rails/engine.rb:518:in `call'
  railties (4.2.4) lib/rails/application.rb:165:in `call'
  rack (1.6.4) lib/rack/lock.rb:17:in `call'
  rack (1.6.4) lib/rack/content_length.rb:15:in `call'
  rack (1.6.4) lib/rack/handler/webrick.rb:88:in `service'
  /home/moorem/.rvm/rubies/ruby-2.2.2/lib/ruby/2.2.0/webrick/httpserver.rb:138:in `service'
  /home/moorem/.rvm/rubies/ruby-2.2.2/lib/ruby/2.2.0/webrick/httpserver.rb:94:in `run'
  /home/moorem/.rvm/rubies/ruby-2.2.2/lib/ruby/2.2.0/webrick/server.rb:294:in `block in start_thread'


  Rendered /home/moorem/.rvm/gems/ruby-2.2.2/gems/actionpack-4.2.4/lib/action_dispatch/middleware/templates/rescues/_source.erb (5.4ms)
  Rendered /home/moorem/.rvm/gems/ruby-2.2.2/gems/actionpack-4.2.4/lib/action_dispatch/middleware/templates/rescues/_trace.html.erb (2.6ms)
  Rendered /home/moorem/.rvm/gems/ruby-2.2.2/gems/actionpack-4.2.4/lib/action_dispatch/middleware/templates/rescues/_request_and_response.html.erb (1.2ms)
  Rendered /home/moorem/.rvm/gems/ruby-2.2.2/gems/actionpack-4.2.4/lib/action_dispatch/middleware/templates/rescues/diagnostics.html.erb within rescues/layout (27.7ms)
  Rendered /home/moorem/.rvm/gems/ruby-2.2.2/gems/web-console-2.2.1/lib/web_console/templates/_markup.html.erb (0.6ms)
  Rendered /home/moorem/.rvm/gems/ruby-2.2.2/gems/web-console-2.2.1/lib/web_console/templates/_inner_console_markup.html.erb within layouts/inlined_string (0.3ms)
  Rendered /home/moorem/.rvm/gems/ruby-2.2.2/gems/web-console-2.2.1/lib/web_console/templates/_prompt_box_markup.html.erb within layouts/inlined_string (0.4ms)
  Rendered /home/moorem/.rvm/gems/ruby-2.2.2/gems/web-console-2.2.1/lib/web_console/templates/style.css.erb within layouts/inlined_string (0.3ms)
  Rendered /home/moorem/.rvm/gems/ruby-2.2.2/gems/web-console-2.2.1/lib/web_console/templates/console.js.erb within layouts/javascript (22.3ms)
  Rendered /home/moorem/.rvm/gems/ruby-2.2.2/gems/web-console-2.2.1/lib/web_console/templates/main.js.erb within layouts/javascript (0.4ms)
  Rendered /home/moorem/.rvm/gems/ruby-2.2.2/gems/web-console-2.2.1/lib/web_console/templates/error_page.js.erb within layouts/javascript (0.5ms)
  Rendered /home/moorem/.rvm/gems/ruby-2.2.2/gems/web-console-2.2.1/lib/web_console/templates/index.html.erb (44.9ms)


Started GET "/users/sign_up" for 127.0.0.1 at 2015-10-21 15:31:37 +0530
Processing by RegistrationsController#new as HTML
  Rendered devise/shared/_links.html.erb (0.9ms)
  Rendered devise/registrations/new.html.erb within layouts/application (5.8ms)
Completed 200 OK in 59ms (Views: 57.2ms | ActiveRecord: 0.0ms)


Started GET "/assets/home.self-e3b0c44298fc1c149afbf4c8996fb92427ae41e4649b934ca495991b7852b855.css?body=1" for 127.0.0.1 at 2015-10-21 15:31:37 +0530


Started GET "/assets/jquery.self-a714331225dda820228db323939889f149aec0127aeb06255646b616ba1ca419.js?body=1" for 127.0.0.1 at 2015-10-21 15:31:37 +0530


Started GET "/assets/jquery_ujs.self-d456baa54c1fa6be2ec3711f0a72ddf7a5b2f34a6b4f515f33767d6207b7d4b3.js?body=1" for 127.0.0.1 at 2015-10-21 15:31:37 +0530


Started GET "/assets/application.self-3b8dabdc891efe46b9a144b400ad69e37d7e5876bdc39dee783419a69d7ca819.js?body=1" for 127.0.0.1 at 2015-10-21 15:31:38 +0530


Started GET "/assets/application.self-e80e8f2318043e8af94dddc2adad5a4f09739a8ebb323b3ab31cd71d45fd9113.css?body=1" for 127.0.0.1 at 2015-10-21 15:31:38 +0530


Started GET "/assets/home.self-877aef30ae1b040ab8a3aba4e3e309a11d7f2612f44dde450b5c157aa5f95c05.js?body=1" for 127.0.0.1 at 2015-10-21 15:31:38 +0530


Started GET "/assets/turbolinks.self-c37727e9bd6b2735da5c311aa83fead54ed0be6cc8bd9a65309e9c5abe2cbfff.js?body=1" for 127.0.0.1 at 2015-10-21 15:31:38 +0530


Started GET "/users/sign_up" for 127.0.0.1 at 2015-10-21 15:31:56 +0530
Processing by RegistrationsController#new as HTML
  Rendered devise/shared/_links.html.erb (2.1ms)
  Rendered devise/registrations/new.html.erb within layouts/application (7.2ms)
Completed 200 OK in 51ms (Views: 50.2ms | ActiveRecord: 0.0ms)


Started GET "/users/auth/twitter" for 127.0.0.1 at 2015-10-21 15:31:58 +0530


Started GET "/users/auth/twitter" for 127.0.0.1 at 2015-10-21 15:31:59 +0530


Started GET "/users/auth/twitter/callback?oauth_token=XCaV-gAAAAAAiPVxAAABUInZIqo&oauth_verifier=nywXbN3krFGdtW1KepuG22jkERcce0Tv" for 127.0.0.1 at 2015-10-21 15:32:07 +0530
Processing by Users::OmniauthCallbacksController#twitter as HTML
  Parameters: {"oauth_token"=>"XCaV-gAAAAAAiPVxAAABUInZIqo", "oauth_verifier"=>"nywXbN3krFGdtW1KepuG22jkERcce0Tv"}
  [1m[35mUser Load (0.7ms)[0m  SELECT  "users".* FROM "users" WHERE "users"."uid" = $1 LIMIT 1  [["uid", "2182637210"]]
Redirected to http://localhost:3000/users/sign_up?uid=2182637210
Completed 302 Found in 42ms (ActiveRecord: 1.0ms)

ActionDispatch::Cookies::CookieOverflow (ActionDispatch::Cookies::CookieOverflow):
  actionpack (4.2.4) lib/action_dispatch/middleware/cookies.rb:529:in `[]='
  actionpack (4.2.4) lib/action_dispatch/middleware/session/cookie_store.rb:110:in `set_cookie'
  rack (1.6.4) lib/rack/session/abstract/id.rb:351:in `commit_session'
  rack (1.6.4) lib/rack/session/abstract/id.rb:226:in `context'
  rack (1.6.4) lib/rack/session/abstract/id.rb:220:in `call'
  actionpack (4.2.4) lib/action_dispatch/middleware/cookies.rb:560:in `call'
  activerecord (4.2.4) lib/active_record/query_cache.rb:36:in `call'
  activerecord (4.2.4) lib/active_record/connection_adapters/abstract/connection_pool.rb:653:in `call'
  activerecord (4.2.4) lib/active_record/migration.rb:377:in `call'
  actionpack (4.2.4) lib/action_dispatch/middleware/callbacks.rb:29:in `block in call'
  activesupport (4.2.4) lib/active_support/callbacks.rb:88:in `__run_callbacks__'
  activesupport (4.2.4) lib/active_support/callbacks.rb:778:in `_run_call_callbacks'
  activesupport (4.2.4) lib/active_support/callbacks.rb:81:in `run_callbacks'
  actionpack (4.2.4) lib/action_dispatch/middleware/callbacks.rb:27:in `call'
  actionpack (4.2.4) lib/action_dispatch/middleware/reloader.rb:73:in `call'
  actionpack (4.2.4) lib/action_dispatch/middleware/remote_ip.rb:78:in `call'
  actionpack (4.2.4) lib/action_dispatch/middleware/debug_exceptions.rb:17:in `call'
  web-console (2.2.1) lib/web_console/middleware.rb:39:in `call'
  actionpack (4.2.4) lib/action_dispatch/middleware/show_exceptions.rb:30:in `call'
  railties (4.2.4) lib/rails/rack/logger.rb:38:in `call_app'
  railties (4.2.4) lib/rails/rack/logger.rb:20:in `block in call'
  activesupport (4.2.4) lib/active_support/tagged_logging.rb:68:in `block in tagged'
  activesupport (4.2.4) lib/active_support/tagged_logging.rb:26:in `tagged'
  activesupport (4.2.4) lib/active_support/tagged_logging.rb:68:in `tagged'
  railties (4.2.4) lib/rails/rack/logger.rb:20:in `call'
  actionpack (4.2.4) lib/action_dispatch/middleware/request_id.rb:21:in `call'
  rack (1.6.4) lib/rack/methodoverride.rb:22:in `call'
  rack (1.6.4) lib/rack/runtime.rb:18:in `call'
  activesupport (4.2.4) lib/active_support/cache/strategy/local_cache_middleware.rb:28:in `call'
  rack (1.6.4) lib/rack/lock.rb:17:in `call'
  actionpack (4.2.4) lib/action_dispatch/middleware/static.rb:116:in `call'
  rack (1.6.4) lib/rack/sendfile.rb:113:in `call'
  railties (4.2.4) lib/rails/engine.rb:518:in `call'
  railties (4.2.4) lib/rails/application.rb:165:in `call'
  rack (1.6.4) lib/rack/lock.rb:17:in `call'
  rack (1.6.4) lib/rack/content_length.rb:15:in `call'
  rack (1.6.4) lib/rack/handler/webrick.rb:88:in `service'
  /home/moorem/.rvm/rubies/ruby-2.2.2/lib/ruby/2.2.0/webrick/httpserver.rb:138:in `service'
  /home/moorem/.rvm/rubies/ruby-2.2.2/lib/ruby/2.2.0/webrick/httpserver.rb:94:in `run'
  /home/moorem/.rvm/rubies/ruby-2.2.2/lib/ruby/2.2.0/webrick/server.rb:294:in `block in start_thread'


  Rendered /home/moorem/.rvm/gems/ruby-2.2.2/gems/actionpack-4.2.4/lib/action_dispatch/middleware/templates/rescues/_source.erb (14.3ms)
  Rendered /home/moorem/.rvm/gems/ruby-2.2.2/gems/actionpack-4.2.4/lib/action_dispatch/middleware/templates/rescues/_trace.html.erb (2.9ms)
  Rendered /home/moorem/.rvm/gems/ruby-2.2.2/gems/actionpack-4.2.4/lib/action_dispatch/middleware/templates/rescues/_request_and_response.html.erb (2.4ms)
  Rendered /home/moorem/.rvm/gems/ruby-2.2.2/gems/actionpack-4.2.4/lib/action_dispatch/middleware/templates/rescues/diagnostics.html.erb within rescues/layout (39.6ms)
  Rendered /home/moorem/.rvm/gems/ruby-2.2.2/gems/web-console-2.2.1/lib/web_console/templates/_markup.html.erb (0.5ms)
  Rendered /home/moorem/.rvm/gems/ruby-2.2.2/gems/web-console-2.2.1/lib/web_console/templates/_inner_console_markup.html.erb within layouts/inlined_string (0.6ms)
  Rendered /home/moorem/.rvm/gems/ruby-2.2.2/gems/web-console-2.2.1/lib/web_console/templates/_prompt_box_markup.html.erb within layouts/inlined_string (0.4ms)
  Rendered /home/moorem/.rvm/gems/ruby-2.2.2/gems/web-console-2.2.1/lib/web_console/templates/style.css.erb within layouts/inlined_string (0.4ms)
  Rendered /home/moorem/.rvm/gems/ruby-2.2.2/gems/web-console-2.2.1/lib/web_console/templates/console.js.erb within layouts/javascript (24.2ms)
  Rendered /home/moorem/.rvm/gems/ruby-2.2.2/gems/web-console-2.2.1/lib/web_console/templates/main.js.erb within layouts/javascript (0.5ms)
  Rendered /home/moorem/.rvm/gems/ruby-2.2.2/gems/web-console-2.2.1/lib/web_console/templates/error_page.js.erb within layouts/javascript (0.8ms)
  Rendered /home/moorem/.rvm/gems/ruby-2.2.2/gems/web-console-2.2.1/lib/web_console/templates/index.html.erb (50.2ms)


Started GET "/" for 127.0.0.1 at 2015-10-21 15:35:32 +0530
Processing by HomeController#index as HTML
  Rendered home/index.html.erb within layouts/application (0.1ms)
Completed 200 OK in 60ms (Views: 59.0ms | ActiveRecord: 0.0ms)


Started GET "/users/sign_up" for 127.0.0.1 at 2015-10-21 15:35:35 +0530
Processing by RegistrationsController#new as HTML
  Rendered devise/shared/_links.html.erb (0.6ms)
  Rendered devise/registrations/new.html.erb within layouts/application (4.4ms)
Completed 200 OK in 66ms (Views: 50.1ms | ActiveRecord: 2.0ms)


Started GET "/users/auth/twitter" for 127.0.0.1 at 2015-10-21 15:35:36 +0530


Started GET "/users/auth/twitter" for 127.0.0.1 at 2015-10-21 15:35:39 +0530


Started GET "/users/auth/twitter/callback?oauth_token=9_0rngAAAAAAiPVxAAABUInch4I&oauth_verifier=hCmJJftKHregaim8y9cCAuoWJc5OzMzs" for 127.0.0.1 at 2015-10-21 15:35:44 +0530
Processing by Users::OmniauthCallbacksController#twitter as HTML
  Parameters: {"oauth_token"=>"9_0rngAAAAAAiPVxAAABUInch4I", "oauth_verifier"=>"hCmJJftKHregaim8y9cCAuoWJc5OzMzs"}
  [1m[36mUser Load (0.4ms)[0m  [1mSELECT  "users".* FROM "users" WHERE "users"."uid" = $1 LIMIT 1[0m  [["uid", "2182637210"]]
Redirected to http://localhost:3000/users/sign_up?uid=2182637210
Completed 302 Found in 3ms (ActiveRecord: 0.4ms)

ActionDispatch::Cookies::CookieOverflow (ActionDispatch::Cookies::CookieOverflow):
  actionpack (4.2.4) lib/action_dispatch/middleware/cookies.rb:529:in `[]='
  actionpack (4.2.4) lib/action_dispatch/middleware/session/cookie_store.rb:110:in `set_cookie'
  rack (1.6.4) lib/rack/session/abstract/id.rb:351:in `commit_session'
  rack (1.6.4) lib/rack/session/abstract/id.rb:226:in `context'
  rack (1.6.4) lib/rack/session/abstract/id.rb:220:in `call'
  actionpack (4.2.4) lib/action_dispatch/middleware/cookies.rb:560:in `call'
  activerecord (4.2.4) lib/active_record/query_cache.rb:36:in `call'
  activerecord (4.2.4) lib/active_record/connection_adapters/abstract/connection_pool.rb:653:in `call'
  activerecord (4.2.4) lib/active_record/migration.rb:377:in `call'
  actionpack (4.2.4) lib/action_dispatch/middleware/callbacks.rb:29:in `block in call'
  activesupport (4.2.4) lib/active_support/callbacks.rb:88:in `__run_callbacks__'
  activesupport (4.2.4) lib/active_support/callbacks.rb:778:in `_run_call_callbacks'
  activesupport (4.2.4) lib/active_support/callbacks.rb:81:in `run_callbacks'
  actionpack (4.2.4) lib/action_dispatch/middleware/callbacks.rb:27:in `call'
  actionpack (4.2.4) lib/action_dispatch/middleware/reloader.rb:73:in `call'
  actionpack (4.2.4) lib/action_dispatch/middleware/remote_ip.rb:78:in `call'
  actionpack (4.2.4) lib/action_dispatch/middleware/debug_exceptions.rb:17:in `call'
  web-console (2.2.1) lib/web_console/middleware.rb:39:in `call'
  actionpack (4.2.4) lib/action_dispatch/middleware/show_exceptions.rb:30:in `call'
  railties (4.2.4) lib/rails/rack/logger.rb:38:in `call_app'
  railties (4.2.4) lib/rails/rack/logger.rb:20:in `block in call'
  activesupport (4.2.4) lib/active_support/tagged_logging.rb:68:in `block in tagged'
  activesupport (4.2.4) lib/active_support/tagged_logging.rb:26:in `tagged'
  activesupport (4.2.4) lib/active_support/tagged_logging.rb:68:in `tagged'
  railties (4.2.4) lib/rails/rack/logger.rb:20:in `call'
  actionpack (4.2.4) lib/action_dispatch/middleware/request_id.rb:21:in `call'
  rack (1.6.4) lib/rack/methodoverride.rb:22:in `call'
  rack (1.6.4) lib/rack/runtime.rb:18:in `call'
  activesupport (4.2.4) lib/active_support/cache/strategy/local_cache_middleware.rb:28:in `call'
  rack (1.6.4) lib/rack/lock.rb:17:in `call'
  actionpack (4.2.4) lib/action_dispatch/middleware/static.rb:116:in `call'
  rack (1.6.4) lib/rack/sendfile.rb:113:in `call'
  railties (4.2.4) lib/rails/engine.rb:518:in `call'
  railties (4.2.4) lib/rails/application.rb:165:in `call'
  rack (1.6.4) lib/rack/lock.rb:17:in `call'
  rack (1.6.4) lib/rack/content_length.rb:15:in `call'
  rack (1.6.4) lib/rack/handler/webrick.rb:88:in `service'
  /home/moorem/.rvm/rubies/ruby-2.2.2/lib/ruby/2.2.0/webrick/httpserver.rb:138:in `service'
  /home/moorem/.rvm/rubies/ruby-2.2.2/lib/ruby/2.2.0/webrick/httpserver.rb:94:in `run'
  /home/moorem/.rvm/rubies/ruby-2.2.2/lib/ruby/2.2.0/webrick/server.rb:294:in `block in start_thread'


  Rendered /home/moorem/.rvm/gems/ruby-2.2.2/gems/actionpack-4.2.4/lib/action_dispatch/middleware/templates/rescues/_source.erb (4.1ms)
  Rendered /home/moorem/.rvm/gems/ruby-2.2.2/gems/actionpack-4.2.4/lib/action_dispatch/middleware/templates/rescues/_trace.html.erb (2.7ms)
  Rendered /home/moorem/.rvm/gems/ruby-2.2.2/gems/actionpack-4.2.4/lib/action_dispatch/middleware/templates/rescues/_request_and_response.html.erb (2.0ms)
  Rendered /home/moorem/.rvm/gems/ruby-2.2.2/gems/actionpack-4.2.4/lib/action_dispatch/middleware/templates/rescues/diagnostics.html.erb within rescues/layout (28.0ms)
  Rendered /home/moorem/.rvm/gems/ruby-2.2.2/gems/web-console-2.2.1/lib/web_console/templates/_markup.html.erb (0.5ms)
  Rendered /home/moorem/.rvm/gems/ruby-2.2.2/gems/web-console-2.2.1/lib/web_console/templates/_inner_console_markup.html.erb within layouts/inlined_string (0.6ms)
  Rendered /home/moorem/.rvm/gems/ruby-2.2.2/gems/web-console-2.2.1/lib/web_console/templates/_prompt_box_markup.html.erb within layouts/inlined_string (0.4ms)
  Rendered /home/moorem/.rvm/gems/ruby-2.2.2/gems/web-console-2.2.1/lib/web_console/templates/style.css.erb within layouts/inlined_string (0.4ms)
  Rendered /home/moorem/.rvm/gems/ruby-2.2.2/gems/web-console-2.2.1/lib/web_console/templates/console.js.erb within layouts/javascript (22.9ms)
  Rendered /home/moorem/.rvm/gems/ruby-2.2.2/gems/web-console-2.2.1/lib/web_console/templates/main.js.erb within layouts/javascript (0.5ms)
  Rendered /home/moorem/.rvm/gems/ruby-2.2.2/gems/web-console-2.2.1/lib/web_console/templates/error_page.js.erb within layouts/javascript (0.7ms)
  Rendered /home/moorem/.rvm/gems/ruby-2.2.2/gems/web-console-2.2.1/lib/web_console/templates/index.html.erb (46.2ms)
  [1m[36mActiveRecord::SchemaMigration Load (0.4ms)[0m  [1mSELECT "schema_migrations".* FROM "schema_migrations"[0m
Migrating to AddSessionsTable (20151021100909)
  [1m[35m (0.1ms)[0m  BEGIN
DEPRECATION WARNING: `#timestamps` was called without specifying an option for `null`. In Rails 5, this behavior will change to `null: false`. You should manually specify `null: true` to prevent the behavior of your existing migrations from changing. (called from block in change at /home/moorem/Documents/yourstory/db/migrate/20151021100909_add_sessions_table.rb:6)
  [1m[36m (237.4ms)[0m  [1mCREATE TABLE "sessions" ("id" serial primary key, "session_id" character varying NOT NULL, "data" text, "created_at" timestamp, "updated_at" timestamp) [0m
  [1m[35m (39.7ms)[0m  CREATE UNIQUE INDEX  "index_sessions_on_session_id" ON "sessions"  ("session_id")
  [1m[36m (56.9ms)[0m  [1mCREATE  INDEX  "index_sessions_on_updated_at" ON "sessions"  ("updated_at")[0m
  [1m[35mSQL (50.2ms)[0m  INSERT INTO "schema_migrations" ("version") VALUES ($1)  [["version", "20151021100909"]]
  [1m[36m (23.7ms)[0m  [1mCOMMIT[0m
  [1m[35mActiveRecord::SchemaMigration Load (0.2ms)[0m  SELECT "schema_migrations".* FROM "schema_migrations"
  [1m[36m (2.9ms)[0m  [1mSELECT t2.oid::regclass::text AS to_table, a1.attname AS column, a2.attname AS primary_key, c.conname AS name, c.confupdtype AS on_update, c.confdeltype AS on_delete
FROM pg_constraint c
JOIN pg_class t1 ON c.conrelid = t1.oid
JOIN pg_class t2 ON c.confrelid = t2.oid
JOIN pg_attribute a1 ON a1.attnum = c.conkey[1] AND a1.attrelid = t1.oid
JOIN pg_attribute a2 ON a2.attnum = c.confkey[1] AND a2.attrelid = t2.oid
JOIN pg_namespace t3 ON c.connamespace = t3.oid
WHERE c.contype = 'f'
  AND t1.relname = 'sessions'
  AND t3.nspname = ANY (current_schemas(false))
ORDER BY c.conname
[0m
  [1m[35m (2.9ms)[0m  SELECT t2.oid::regclass::text AS to_table, a1.attname AS column, a2.attname AS primary_key, c.conname AS name, c.confupdtype AS on_update, c.confdeltype AS on_delete
FROM pg_constraint c
JOIN pg_class t1 ON c.conrelid = t1.oid
JOIN pg_class t2 ON c.confrelid = t2.oid
JOIN pg_attribute a1 ON a1.attnum = c.conkey[1] AND a1.attrelid = t1.oid
JOIN pg_attribute a2 ON a2.attnum = c.confkey[1] AND a2.attrelid = t2.oid
JOIN pg_namespace t3 ON c.connamespace = t3.oid
WHERE c.contype = 'f'
  AND t1.relname = 'users'
  AND t3.nspname = ANY (current_schemas(false))
ORDER BY c.conname



Started GET "/" for 127.0.0.1 at 2015-10-21 15:40:13 +0530
  [1m[36mActiveRecord::SchemaMigration Load (0.4ms)[0m  [1mSELECT "schema_migrations".* FROM "schema_migrations"[0m
Processing by HomeController#index as HTML
  Rendered home/index.html.erb within layouts/application (1.8ms)
Completed 200 OK in 315ms (Views: 286.5ms | ActiveRecord: 4.5ms)


Started GET "/" for 127.0.0.1 at 2015-10-21 15:40:13 +0530
Processing by HomeController#index as HTML
  Rendered home/index.html.erb within layouts/application (0.1ms)
Completed 200 OK in 49ms (Views: 46.1ms | ActiveRecord: 0.7ms)


Started GET "/users/sign_up" for 127.0.0.1 at 2015-10-21 15:40:15 +0530
Processing by RegistrationsController#new as HTML
  Rendered devise/shared/_links.html.erb (8.7ms)
  Rendered devise/registrations/new.html.erb within layouts/application (51.1ms)
Completed 200 OK in 136ms (Views: 114.5ms | ActiveRecord: 1.8ms)


Started GET "/users/auth/twitter" for 127.0.0.1 at 2015-10-21 15:40:17 +0530


Started GET "/users/auth/twitter" for 127.0.0.1 at 2015-10-21 15:40:24 +0530


Started GET "/users/auth/twitter" for 127.0.0.1 at 2015-10-21 15:40:30 +0530


Started GET "/users/auth/twitter/callback?oauth_token=vKo-_wAAAAAAiPVxAAABUIng7yM&oauth_verifier=kvXjUfvjRU9dEs8qn9NbvqH8reyzzsTO" for 127.0.0.1 at 2015-10-21 15:40:32 +0530
Processing by Users::OmniauthCallbacksController#twitter as HTML
  Parameters: {"oauth_token"=>"vKo-_wAAAAAAiPVxAAABUIng7yM", "oauth_verifier"=>"kvXjUfvjRU9dEs8qn9NbvqH8reyzzsTO"}
  [1m[35mUser Load (0.5ms)[0m  SELECT  "users".* FROM "users" WHERE "users"."uid" = $1 LIMIT 1  [["uid", "2182637210"]]
Redirected to http://localhost:3000/users/sign_up?uid=2182637210
Completed 302 Found in 5ms (ActiveRecord: 0.5ms)


Started GET "/users/sign_up?uid=2182637210" for 127.0.0.1 at 2015-10-21 15:40:49 +0530
Processing by RegistrationsController#new as HTML
  Parameters: {"uid"=>"2182637210"}
  Rendered devise/shared/_links.html.erb (0.5ms)
  Rendered devise/registrations/new.html.erb within layouts/application (3.8ms)
Completed 200 OK in 57ms (Views: 53.0ms | ActiveRecord: 0.5ms)


Started GET "/" for 127.0.0.1 at 2015-10-21 15:43:03 +0530
Processing by HomeController#index as HTML
  Rendered home/index.html.erb within layouts/application (0.1ms)
Completed 200 OK in 47ms (Views: 44.6ms | ActiveRecord: 0.4ms)


Started GET "/users/sign_up" for 127.0.0.1 at 2015-10-21 15:43:07 +0530
Processing by RegistrationsController#new as HTML
  Rendered devise/shared/_links.html.erb (0.7ms)
  Rendered devise/registrations/new.html.erb within layouts/application (4.9ms)
Completed 200 OK in 76ms (Views: 49.9ms | ActiveRecord: 2.5ms)


Started GET "/users/auth/twitter" for 127.0.0.1 at 2015-10-21 15:43:12 +0530


Started GET "/users/auth/twitter" for 127.0.0.1 at 2015-10-21 15:43:13 +0530


Started GET "/users/auth/twitter/callback?oauth_token=jhEn8gAAAAAAiPVxAAABUInja_8&oauth_verifier=Kv8pzLBrhA9llppKtJIBa2uUD7djmdmW" for 127.0.0.1 at 2015-10-21 15:43:15 +0530
Processing by Users::OmniauthCallbacksController#twitter as HTML
  Parameters: {"oauth_token"=>"jhEn8gAAAAAAiPVxAAABUInja_8", "oauth_verifier"=>"Kv8pzLBrhA9llppKtJIBa2uUD7djmdmW"}
  [1m[35mUser Load (0.4ms)[0m  SELECT  "users".* FROM "users" WHERE "users"."uid" = $1 LIMIT 1  [["uid", "2182637210"]]
Redirected to http://localhost:3000/users/sign_up?uid=2182637210
Completed 302 Found in 3ms (ActiveRecord: 0.4ms)


Started GET "/users/sign_up?uid=2182637210" for 127.0.0.1 at 2015-10-21 15:43:32 +0530
Processing by RegistrationsController#new as HTML
  Parameters: {"uid"=>"2182637210"}
  Rendered devise/shared/_links.html.erb (0.7ms)
  Rendered devise/registrations/new.html.erb within layouts/application (4.7ms)
Completed 200 OK in 59ms (Views: 54.6ms | ActiveRecord: 0.4ms)


Started GET "/users/sign_up?uid=2182637210" for 127.0.0.1 at 2015-10-21 15:46:38 +0530
Processing by RegistrationsController#new as HTML
  Parameters: {"uid"=>"2182637210"}
  Rendered devise/registrations/new.html.erb within layouts/application (2.9ms)
Completed 200 OK in 61ms (Views: 43.8ms | ActiveRecord: 2.4ms)


Started POST "/users" for 127.0.0.1 at 2015-10-21 15:46:51 +0530
Processing by RegistrationsController#create as HTML
  Parameters: {"utf8"=>"✓", "authenticity_token"=>"CRHcfuTw5idhGBg+/Hh+3FaHCq74+lo0YJA5N7SLqUriThsaWFRaFyxA7lh7h/n1nWxjem2qNBgVWZJcxhUj+g==", "user"=>{"email"=>"test@gmail.com"}, "commit"=>"Sign up"}
Redirected to http://localhost:3000/users/sign_up
Completed 302 Found in 4ms (ActiveRecord: 0.4ms)


Started GET "/users/sign_up" for 127.0.0.1 at 2015-10-21 15:46:51 +0530
Processing by RegistrationsController#new as HTML
  Rendered devise/registrations/new.html.erb within layouts/application (1.5ms)
Completed 200 OK in 48ms (Views: 43.8ms | ActiveRecord: 0.8ms)


Started POST "/users" for 127.0.0.1 at 2015-10-21 15:47:34 +0530
Processing by RegistrationsController#create as HTML
  Parameters: {"utf8"=>"✓", "authenticity_token"=>"0Lh2LZYpM0d3VmYeBaSLtij4WDF4GUV3rA6WiNc0FGY757FJKo2PdzoOkHiCWwyf4xMx5e1JK1vZxz3jpaqe1g==", "user"=>{"email"=>"test@gmail.com"}, "commit"=>"Sign up"}
Redirected to http://localhost:3000/users/sign_up
Completed 302 Found in 4ms (ActiveRecord: 0.4ms)


Started GET "/users/sign_up" for 127.0.0.1 at 2015-10-21 15:47:34 +0530
Processing by RegistrationsController#new as HTML
  Rendered devise/registrations/new.html.erb within layouts/application (2.0ms)
Completed 200 OK in 65ms (Views: 44.2ms | ActiveRecord: 5.0ms)
  [1m[36mUser Load (1.1ms)[0m  [1mSELECT  "users".* FROM "users"  ORDER BY "users"."id" ASC LIMIT 1[0m


Started GET "/users/sign_up?uid=2182637210" for 127.0.0.1 at 2015-10-21 15:49:17 +0530
Processing by RegistrationsController#new as HTML
  Parameters: {"uid"=>"2182637210"}
  Rendered devise/registrations/new.html.erb within layouts/application (1.5ms)
Completed 200 OK in 56ms (Views: 52.1ms | ActiveRecord: 1.0ms)


Started POST "/users" for 127.0.0.1 at 2015-10-21 15:49:32 +0530
Processing by RegistrationsController#create as HTML
  Parameters: {"utf8"=>"✓", "authenticity_token"=>"frrrhy1BrIiWZ9eetTzm/5Q0cyZcWw19B/OHneiYSxOV5SzjkeUQuNs/Ifgyw2HWX98a8skLY1FyOiz2mgbBow==", "user"=>{"email"=>"test@gmail.com"}, "commit"=>"Sign up"}
Redirected to http://localhost:3000/users/sign_up
Completed 302 Found in 4ms (ActiveRecord: 0.4ms)


Started GET "/users/sign_up" for 127.0.0.1 at 2015-10-21 15:49:32 +0530
Processing by RegistrationsController#new as HTML
  Rendered devise/registrations/new.html.erb within layouts/application (1.9ms)
Completed 200 OK in 60ms (Views: 41.3ms | ActiveRecord: 2.8ms)


Started GET "/users/sign_up?uid=2182637210" for 127.0.0.1 at 2015-10-21 15:50:15 +0530
Processing by RegistrationsController#new as HTML
  Parameters: {"uid"=>"2182637210"}
  Rendered devise/registrations/new.html.erb within layouts/application (2.6ms)
Completed 200 OK in 50ms (Views: 46.5ms | ActiveRecord: 0.7ms)


Started GET "/users/sign_up?uid=2182637210" for 127.0.0.1 at 2015-10-21 15:51:37 +0530
Processing by RegistrationsController#new as HTML
  Parameters: {"uid"=>"2182637210"}
  Rendered devise/registrations/new.html.erb within layouts/application (2.1ms)
Completed 200 OK in 61ms (Views: 42.9ms | ActiveRecord: 2.3ms)


Started POST "/users" for 127.0.0.1 at 2015-10-21 15:51:40 +0530
Processing by RegistrationsController#create as HTML
  Parameters: {"utf8"=>"✓", "authenticity_token"=>"K0fymH6eiBptbzad43hqkjYYQWTRlGBgAyq8dfW0AGHAGDX8wjo0KiA3wPtkh+27/fMosETEDkx24xcehyqK0Q==", "user"=>{"email"=>"test@gmail.com"}, "commit"=>"Sign up"}
Redirected to http://localhost:3000/users/sign_up
Completed 302 Found in 5ms (ActiveRecord: 1.6ms)


Started GET "/users/sign_up" for 127.0.0.1 at 2015-10-21 15:51:40 +0530
Processing by RegistrationsController#new as HTML
  Rendered devise/registrations/new.html.erb within layouts/application (1.7ms)
Completed 200 OK in 47ms (Views: 42.6ms | ActiveRecord: 0.5ms)


Started GET "/users/sign_up?uid=2182637210" for 127.0.0.1 at 2015-10-21 15:52:44 +0530
Processing by RegistrationsController#new as HTML
  Parameters: {"uid"=>"2182637210"}
  Rendered devise/registrations/new.html.erb within layouts/application (27.4ms)
Completed 200 OK in 213ms (Views: 201.9ms | ActiveRecord: 1.6ms)


Started POST "/users" for 127.0.0.1 at 2015-10-21 15:52:48 +0530
Processing by RegistrationsController#create as HTML
  Parameters: {"utf8"=>"✓", "authenticity_token"=>"fOXD2bhoHuBjRU+/KU3CLH6wGGvIdGKQNuoBbX4LGDOXugS9BMyi0C4dudmuskUFtVtxv10kDLxDI6oGDJWSgw==", "uid"=>"2182637210", "user"=>{"email"=>"test@gmail.com"}, "commit"=>"Sign up"}
  [1m[35mUser Load (0.9ms)[0m  SELECT  "users".* FROM "users" WHERE "users"."provider" = $1 AND "users"."uid" = $2  ORDER BY "users"."id" ASC LIMIT 1  [["provider", "twitter"], ["uid", "2182637210"]]
  [1m[36m (0.3ms)[0m  [1mBEGIN[0m
  [1m[35mUser Exists (18.0ms)[0m  SELECT  1 AS one FROM "users" WHERE "users"."email" = 'test@gmail.com' LIMIT 1
  [1m[36mSQL (1.6ms)[0m  [1mINSERT INTO "users" ("provider", "uid", "email", "encrypted_password", "created_at", "updated_at") VALUES ($1, $2, $3, $4, $5, $6) RETURNING "id"[0m  [["provider", "twitter"], ["uid", "2182637210"], ["email", "test@gmail.com"], ["encrypted_password", "$2a$10$sNwn8CuomHhwXolA24ar2.aoQrZNC7D.vlAwqKl7B1.B/Qp7e8A0G"], ["created_at", "2015-10-21 10:22:48.656236"], ["updated_at", "2015-10-21 10:22:48.656236"]]
  [1m[35m (17.8ms)[0m  COMMIT
  [1m[36mUser Load (1.5ms)[0m  [1mSELECT  "users".* FROM "users" WHERE "users"."uid" = $1 LIMIT 1[0m  [["uid", "2182637210"]]
  [1m[35m (0.3ms)[0m  BEGIN
  [1m[36mSQL (0.9ms)[0m  [1mUPDATE "users" SET "last_sign_in_at" = $1, "current_sign_in_at" = $2, "last_sign_in_ip" = $3, "current_sign_in_ip" = $4, "sign_in_count" = $5, "updated_at" = $6 WHERE "users"."id" = $7[0m  [["last_sign_in_at", "2015-10-21 10:22:48.689091"], ["current_sign_in_at", "2015-10-21 10:22:48.689091"], ["last_sign_in_ip", "127.0.0.1"], ["current_sign_in_ip", "127.0.0.1"], ["sign_in_count", 1], ["updated_at", "2015-10-21 10:22:48.691904"], ["id", 1]]
  [1m[35m (6.0ms)[0m  COMMIT
Redirected to http://localhost:3000/
Completed 302 Found in 535ms (ActiveRecord: 48.2ms)


Started GET "/" for 127.0.0.1 at 2015-10-21 15:52:48 +0530
Processing by HomeController#index as HTML
  Rendered home/index.html.erb within layouts/application (0.2ms)
  [1m[36mUser Load (0.8ms)[0m  [1mSELECT  "users".* FROM "users" WHERE "users"."id" = $1  ORDER BY "users"."id" ASC LIMIT 1[0m  [["id", 1]]
Completed 200 OK in 138ms (Views: 129.3ms | ActiveRecord: 1.7ms)


Started DELETE "/users/sign_out" for 127.0.0.1 at 2015-10-21 15:54:04 +0530
Processing by Devise::SessionsController#destroy as HTML
  Parameters: {"authenticity_token"=>"ahNVwctEpHSDmgyvob1h641Q3ExMGqo3d4nCvs1x2uUqmNMMs6pVkwvUMwQNN1eOr6/TAiNIRbySA2vsmdu7lQ=="}
  [1m[35mUser Load (0.9ms)[0m  SELECT  "users".* FROM "users" WHERE "users"."id" = $1  ORDER BY "users"."id" ASC LIMIT 1  [["id", 1]]
  [1m[36m (0.4ms)[0m  [1mBEGIN[0m
  [1m[35m (0.3ms)[0m  COMMIT
Redirected to http://localhost:3000/
Completed 302 Found in 125ms (ActiveRecord: 35.5ms)


Started GET "/" for 127.0.0.1 at 2015-10-21 15:54:05 +0530
Processing by HomeController#index as HTML
  Rendered home/index.html.erb within layouts/application (0.2ms)
Completed 200 OK in 160ms (Views: 150.7ms | ActiveRecord: 1.0ms)


Started GET "/users/sign_up" for 127.0.0.1 at 2015-10-21 15:54:07 +0530
Processing by RegistrationsController#new as HTML
  Rendered devise/registrations/new.html.erb within layouts/application (6.5ms)
Completed 200 OK in 162ms (Views: 154.3ms | ActiveRecord: 0.8ms)


Started GET "/users/sign_up" for 127.0.0.1 at 2015-10-21 15:55:51 +0530
Processing by RegistrationsController#new as HTML
  Rendered devise/shared/_links.html.erb (1.0ms)
  Rendered devise/registrations/new.html.erb within layouts/application (8.9ms)
Completed 200 OK in 68ms (Views: 63.4ms | ActiveRecord: 0.3ms)


Started GET "/users/auth/twitter" for 127.0.0.1 at 2015-10-21 15:55:54 +0530


Started GET "/users/auth/twitter" for 127.0.0.1 at 2015-10-21 15:55:55 +0530


Started GET "/users/auth/twitter/callback?oauth_token=gZh-VwAAAAAAiPVxAAABUInvDLI&oauth_verifier=3mYFvUYBRK4X629i0qyZSjVrWMp8R0UJ" for 127.0.0.1 at 2015-10-21 15:55:58 +0530
Processing by Users::OmniauthCallbacksController#twitter as HTML
  Parameters: {"oauth_token"=>"gZh-VwAAAAAAiPVxAAABUInvDLI", "oauth_verifier"=>"3mYFvUYBRK4X629i0qyZSjVrWMp8R0UJ"}
  [1m[35mUser Load (0.5ms)[0m  SELECT  "users".* FROM "users" WHERE "users"."uid" = $1 LIMIT 1  [["uid", "2182637210"]]
  [1m[36m (0.1ms)[0m  [1mBEGIN[0m
  [1m[35mSQL (0.3ms)[0m  UPDATE "users" SET "current_sign_in_at" = $1, "sign_in_count" = $2, "updated_at" = $3 WHERE "users"."id" = $4  [["current_sign_in_at", "2015-10-21 10:26:00.594214"], ["sign_in_count", 2], ["updated_at", "2015-10-21 10:26:00.595438"], ["id", 1]]
  [1m[36m (22.4ms)[0m  [1mCOMMIT[0m
Redirected to http://localhost:3000/
Completed 302 Found in 32ms (ActiveRecord: 23.4ms)


Started GET "/" for 127.0.0.1 at 2015-10-21 15:56:00 +0530
Processing by HomeController#index as HTML
  Rendered home/index.html.erb within layouts/application (0.1ms)
  [1m[35mUser Load (0.4ms)[0m  SELECT  "users".* FROM "users" WHERE "users"."id" = $1  ORDER BY "users"."id" ASC LIMIT 1  [["id", 1]]
Completed 200 OK in 71ms (Views: 66.2ms | ActiveRecord: 2.0ms)


Started DELETE "/users/sign_out" for 127.0.0.1 at 2015-10-21 15:56:04 +0530
Processing by Devise::SessionsController#destroy as HTML
  Parameters: {"authenticity_token"=>"vFS8T84oDB/OOd9B0zT/MqPrln6YPIYukMJ9fn0SPT97JD0O6BWHBuPKY21KgRIJPskgjq/K9XXauBwKYwKAiw=="}
  [1m[36mUser Load (0.6ms)[0m  [1mSELECT  "users".* FROM "users" WHERE "users"."id" = $1  ORDER BY "users"."id" ASC LIMIT 1[0m  [["id", 1]]
  [1m[35m (0.2ms)[0m  BEGIN
  [1m[36m (0.7ms)[0m  [1mCOMMIT[0m
Redirected to http://localhost:3000/
Completed 302 Found in 39ms (ActiveRecord: 27.0ms)


Started GET "/" for 127.0.0.1 at 2015-10-21 15:56:04 +0530
Processing by HomeController#index as HTML
  Rendered home/index.html.erb within layouts/application (0.1ms)
Completed 200 OK in 61ms (Views: 58.6ms | ActiveRecord: 0.3ms)
  [1m[35mUser Load (1.8ms)[0m  SELECT  "users".* FROM "users"  ORDER BY "users"."id" ASC LIMIT 1
  [1m[36mUser Load (1.1ms)[0m  [1mSELECT  "users".* FROM "users"  ORDER BY "users"."id" ASC LIMIT 1[0m
  [1m[35mUser Load (1.1ms)[0m  SELECT  "users".* FROM "users"  ORDER BY "users"."id" ASC LIMIT 1
  [1m[36mSQL (18.9ms)[0m  [1mDELETE FROM "users" WHERE "users"."id" = $1[0m  [["id", 1]]
  [1m[35mUser Load (1.2ms)[0m  SELECT  "users".* FROM "users"  ORDER BY "users"."id" ASC LIMIT 1


Started GET "/" for 127.0.0.1 at 2015-10-21 15:56:28 +0530
Processing by HomeController#index as HTML
  Rendered home/index.html.erb within layouts/application (0.1ms)
Completed 200 OK in 65ms (Views: 61.4ms | ActiveRecord: 0.4ms)


Started GET "/assets/home.self-e3b0c44298fc1c149afbf4c8996fb92427ae41e4649b934ca495991b7852b855.css?body=1" for 127.0.0.1 at 2015-10-21 15:56:28 +0530


Started GET "/assets/application.self-e80e8f2318043e8af94dddc2adad5a4f09739a8ebb323b3ab31cd71d45fd9113.css?body=1" for 127.0.0.1 at 2015-10-21 15:56:28 +0530


Started GET "/assets/jquery.self-a714331225dda820228db323939889f149aec0127aeb06255646b616ba1ca419.js?body=1" for 127.0.0.1 at 2015-10-21 15:56:28 +0530


Started GET "/assets/jquery_ujs.self-d456baa54c1fa6be2ec3711f0a72ddf7a5b2f34a6b4f515f33767d6207b7d4b3.js?body=1" for 127.0.0.1 at 2015-10-21 15:56:28 +0530


Started GET "/assets/application.self-3b8dabdc891efe46b9a144b400ad69e37d7e5876bdc39dee783419a69d7ca819.js?body=1" for 127.0.0.1 at 2015-10-21 15:56:28 +0530


Started GET "/assets/home.self-877aef30ae1b040ab8a3aba4e3e309a11d7f2612f44dde450b5c157aa5f95c05.js?body=1" for 127.0.0.1 at 2015-10-21 15:56:28 +0530


Started GET "/assets/turbolinks.self-c37727e9bd6b2735da5c311aa83fead54ed0be6cc8bd9a65309e9c5abe2cbfff.js?body=1" for 127.0.0.1 at 2015-10-21 15:56:28 +0530


Started GET "/users/sign_up" for 127.0.0.1 at 2015-10-21 15:56:29 +0530
Processing by RegistrationsController#new as HTML
  Rendered devise/shared/_links.html.erb (0.5ms)
  Rendered devise/registrations/new.html.erb within layouts/application (3.9ms)
Completed 200 OK in 46ms (Views: 43.5ms | ActiveRecord: 0.4ms)


Started GET "/users/auth/twitter" for 127.0.0.1 at 2015-10-21 15:56:31 +0530


Started GET "/users/auth/twitter" for 127.0.0.1 at 2015-10-21 15:56:32 +0530


Started GET "/users/auth/twitter/callback?oauth_token=PCGXcAAAAAAAiPVxAAABUInvnJw&oauth_verifier=TuwK1IsasaKBfQyK2DYyA0DEnWTA3Kep" for 127.0.0.1 at 2015-10-21 15:56:34 +0530
Processing by Users::OmniauthCallbacksController#twitter as HTML
  Parameters: {"oauth_token"=>"PCGXcAAAAAAAiPVxAAABUInvnJw", "oauth_verifier"=>"TuwK1IsasaKBfQyK2DYyA0DEnWTA3Kep"}
  [1m[36mUser Load (3.2ms)[0m  [1mSELECT  "users".* FROM "users" WHERE "users"."uid" = $1 LIMIT 1[0m  [["uid", "2182637210"]]
Redirected to http://localhost:3000/users/sign_up?uid=2182637210
Completed 302 Found in 8ms (ActiveRecord: 3.2ms)


Started GET "/users/sign_up?uid=2182637210" for 127.0.0.1 at 2015-10-21 15:56:36 +0530
Processing by RegistrationsController#new as HTML
  Parameters: {"uid"=>"2182637210"}
  Rendered devise/shared/_links.html.erb (0.6ms)
  Rendered devise/registrations/new.html.erb within layouts/application (4.8ms)
Completed 200 OK in 55ms (Views: 51.6ms | ActiveRecord: 0.4ms)


Started POST "/users" for 127.0.0.1 at 2015-10-21 15:56:40 +0530
Processing by RegistrationsController#create as HTML
  Parameters: {"utf8"=>"✓", "authenticity_token"=>"6d/5Nor3Tp0+0+jjmVFdqJdvC0qx7Azt4l3zCuO6yV8F1u13AUAjFeR7yiOzbP9rI8JXiHhHGCPb970JIBnZjw==", "uid"=>"2182637210", "user"=>{"email"=>"test@gmail.com"}, "commit"=>"Sign up"}
  [1m[36mUser Load (0.4ms)[0m  [1mSELECT  "users".* FROM "users" WHERE "users"."provider" = $1 AND "users"."uid" = $2  ORDER BY "users"."id" ASC LIMIT 1[0m  [["provider", "twitter"], ["uid", "2182637210"]]
  [1m[35m (0.1ms)[0m  BEGIN
  [1m[36mUser Exists (0.5ms)[0m  [1mSELECT  1 AS one FROM "users" WHERE "users"."email" = 'test@gmail.com' LIMIT 1[0m
  [1m[35mSQL (0.3ms)[0m  INSERT INTO "users" ("provider", "uid", "email", "encrypted_password", "created_at", "updated_at") VALUES ($1, $2, $3, $4, $5, $6) RETURNING "id"  [["provider", "twitter"], ["uid", "2182637210"], ["email", "test@gmail.com"], ["encrypted_password", "$2a$10$eYHIDGgoRy7pSGYEX49YwezA4R5TC7o.jNlad6MdnmprwqDg6yScC"], ["created_at", "2015-10-21 10:26:40.902704"], ["updated_at", "2015-10-21 10:26:40.902704"]]
  [1m[36m (19.0ms)[0m  [1mCOMMIT[0m
  [1m[35mUser Load (0.4ms)[0m  SELECT  "users".* FROM "users" WHERE "users"."uid" = $1 LIMIT 1  [["uid", "2182637210"]]
  [1m[36m (0.1ms)[0m  [1mBEGIN[0m
  [1m[35mSQL (0.4ms)[0m  UPDATE "users" SET "last_sign_in_at" = $1, "current_sign_in_at" = $2, "last_sign_in_ip" = $3, "current_sign_in_ip" = $4, "sign_in_count" = $5, "updated_at" = $6 WHERE "users"."id" = $7  [["last_sign_in_at", "2015-10-21 10:26:40.925291"], ["current_sign_in_at", "2015-10-21 10:26:40.925291"], ["last_sign_in_ip", "127.0.0.1"], ["current_sign_in_ip", "127.0.0.1"], ["sign_in_count", 1], ["updated_at", "2015-10-21 10:26:40.926201"], ["id", 2]]
  [1m[36m (3.2ms)[0m  [1mCOMMIT[0m
Redirected to http://localhost:3000/
Completed 302 Found in 128ms (ActiveRecord: 24.8ms)


Started GET "/" for 127.0.0.1 at 2015-10-21 15:56:40 +0530
Processing by HomeController#index as HTML
  Rendered home/index.html.erb within layouts/application (0.1ms)
  [1m[35mUser Load (0.4ms)[0m  SELECT  "users".* FROM "users" WHERE "users"."id" = $1  ORDER BY "users"."id" ASC LIMIT 1  [["id", 2]]
Completed 200 OK in 51ms (Views: 48.3ms | ActiveRecord: 0.7ms)


Started DELETE "/users/sign_out" for 127.0.0.1 at 2015-10-21 15:56:42 +0530
Processing by Devise::SessionsController#destroy as HTML
  Parameters: {"authenticity_token"=>"mjozWbpwYsXzKZ5K44MUatq4cF7xE8+nWkroe2pSNtiCQjtMGl35TtQHXxTvzAfeHrjuVSBiy/reRatjdvyBwg=="}
  [1m[36mUser Load (1.4ms)[0m  [1mSELECT  "users".* FROM "users" WHERE "users"."id" = $1  ORDER BY "users"."id" ASC LIMIT 1[0m  [["id", 2]]
  [1m[35m (0.1ms)[0m  BEGIN
  [1m[36m (0.2ms)[0m  [1mCOMMIT[0m
Redirected to http://localhost:3000/
Completed 302 Found in 32ms (ActiveRecord: 18.3ms)


Started GET "/" for 127.0.0.1 at 2015-10-21 15:56:42 +0530
Processing by HomeController#index as HTML
  Rendered home/index.html.erb within layouts/application (0.1ms)
Completed 200 OK in 48ms (Views: 46.5ms | ActiveRecord: 0.3ms)


Started GET "/users/sign_up" for 127.0.0.1 at 2015-10-21 15:56:46 +0530
Processing by RegistrationsController#new as HTML
  Rendered devise/shared/_links.html.erb (0.7ms)
  Rendered devise/registrations/new.html.erb within layouts/application (4.7ms)
Completed 200 OK in 44ms (Views: 41.7ms | ActiveRecord: 0.3ms)


Started GET "/users/auth/twitter" for 127.0.0.1 at 2015-10-21 15:56:48 +0530


Started GET "/users/auth/twitter" for 127.0.0.1 at 2015-10-21 15:56:49 +0530


Started GET "/users/auth/twitter/callback?oauth_token=1wQMcgAAAAAAiPVxAAABUInv3_0&oauth_verifier=IQeRznwBC4hs0scGEfQcUVgrk8QWvmV4" for 127.0.0.1 at 2015-10-21 15:56:52 +0530
Processing by Users::OmniauthCallbacksController#twitter as HTML
  Parameters: {"oauth_token"=>"1wQMcgAAAAAAiPVxAAABUInv3_0", "oauth_verifier"=>"IQeRznwBC4hs0scGEfQcUVgrk8QWvmV4"}
  [1m[35mUser Load (0.4ms)[0m  SELECT  "users".* FROM "users" WHERE "users"."uid" = $1 LIMIT 1  [["uid", "2182637210"]]
  [1m[36m (0.9ms)[0m  [1mBEGIN[0m
  [1m[35mSQL (0.4ms)[0m  UPDATE "users" SET "current_sign_in_at" = $1, "sign_in_count" = $2, "updated_at" = $3 WHERE "users"."id" = $4  [["current_sign_in_at", "2015-10-21 10:26:54.014412"], ["sign_in_count", 2], ["updated_at", "2015-10-21 10:26:54.016383"], ["id", 2]]
  [1m[36m (22.4ms)[0m  [1mCOMMIT[0m
Redirected to http://localhost:3000/
Completed 302 Found in 30ms (ActiveRecord: 24.1ms)


Started GET "/" for 127.0.0.1 at 2015-10-21 15:56:54 +0530
Processing by HomeController#index as HTML
  Rendered home/index.html.erb within layouts/application (0.1ms)
  [1m[35mUser Load (0.4ms)[0m  SELECT  "users".* FROM "users" WHERE "users"."id" = $1  ORDER BY "users"."id" ASC LIMIT 1  [["id", 2]]
Completed 200 OK in 51ms (Views: 48.1ms | ActiveRecord: 0.8ms)


Started DELETE "/users/sign_out" for 127.0.0.1 at 2015-10-21 15:56:57 +0530
Processing by Devise::SessionsController#destroy as HTML
  Parameters: {"authenticity_token"=>"ewjqLEv3n5TZQ51490QPDLJkRa4oQsr+PiemB2luiFUkMpPNOPZO2WgwP40eT/GBFurJV2t/uPi4eU2yWNhBUg=="}
  [1m[36mUser Load (0.7ms)[0m  [1mSELECT  "users".* FROM "users" WHERE "users"."id" = $1  ORDER BY "users"."id" ASC LIMIT 1[0m  [["id", 2]]
  [1m[35m (0.4ms)[0m  BEGIN
  [1m[36m (0.2ms)[0m  [1mCOMMIT[0m
Redirected to http://localhost:3000/
Completed 302 Found in 37ms (ActiveRecord: 24.2ms)


Started GET "/" for 127.0.0.1 at 2015-10-21 15:56:57 +0530
Processing by HomeController#index as HTML
  Rendered home/index.html.erb within layouts/application (0.1ms)
Completed 200 OK in 41ms (Views: 39.0ms | ActiveRecord: 0.4ms)


Started GET "/" for 127.0.0.1 at 2015-10-21 16:11:40 +0530
  [1m[36mActiveRecord::SchemaMigration Load (0.5ms)[0m  [1mSELECT "schema_migrations".* FROM "schema_migrations"[0m
Processing by HomeController#index as HTML
  Rendered home/index.html.erb within layouts/application (21.9ms)
Completed 200 OK in 566ms (Views: 482.3ms | ActiveRecord: 39.0ms)


Started GET "/users/sign_up" for 127.0.0.1 at 2015-10-21 16:11:43 +0530
Processing by RegistrationsController#new as HTML
  Rendered devise/shared/_links.html.erb (2.0ms)
  Rendered devise/registrations/new.html.erb within layouts/application (152.9ms)
Completed 200 OK in 239ms (Views: 218.2ms | ActiveRecord: 1.9ms)


Started GET "/users/auth/twitter" for 127.0.0.1 at 2015-10-21 16:11:47 +0530


Started GET "/users/auth/twitter" for 127.0.0.1 at 2015-10-21 16:11:49 +0530


Started GET "/users/auth/twitter/callback?oauth_token=Smma-gAAAAAAiPVxAAABUIn9mOE&oauth_verifier=xTw6n6cseaSjs9IzpH9qo7PNWUkCDfg3" for 127.0.0.1 at 2015-10-21 16:11:51 +0530
Processing by Users::OmniauthCallbacksController#twitter as HTML
  Parameters: {"oauth_token"=>"Smma-gAAAAAAiPVxAAABUIn9mOE", "oauth_verifier"=>"xTw6n6cseaSjs9IzpH9qo7PNWUkCDfg3"}
  [1m[35mUser Load (0.8ms)[0m  SELECT  "users".* FROM "users" WHERE "users"."uid" = $1 LIMIT 1  [["uid", "2182637210"]]
  [1m[36m (0.2ms)[0m  [1mBEGIN[0m
  [1m[35mSQL (0.5ms)[0m  UPDATE "users" SET "last_sign_in_at" = $1, "current_sign_in_at" = $2, "sign_in_count" = $3, "updated_at" = $4 WHERE "users"."id" = $5  [["last_sign_in_at", "2015-10-21 10:26:54.014412"], ["current_sign_in_at", "2015-10-21 10:41:53.221481"], ["sign_in_count", 3], ["updated_at", "2015-10-21 10:41:53.222725"], ["id", 2]]
  [1m[36m (17.3ms)[0m  [1mCOMMIT[0m
Redirected to http://localhost:3000/
Completed 302 Found in 46ms (ActiveRecord: 18.8ms)


Started GET "/" for 127.0.0.1 at 2015-10-21 16:11:53 +0530
Processing by HomeController#index as HTML
  Rendered home/index.html.erb within layouts/application (0.1ms)
  [1m[35mUser Load (0.4ms)[0m  SELECT  "users".* FROM "users" WHERE "users"."id" = $1  ORDER BY "users"."id" ASC LIMIT 1  [["id", 2]]
Completed 200 OK in 65ms (Views: 62.0ms | ActiveRecord: 0.6ms)
  [1m[36mUser Load (1.3ms)[0m  [1mSELECT  "users".* FROM "users"  ORDER BY "users"."id" ASC LIMIT 1[0m
  [1m[35mUser Load (1.0ms)[0m  SELECT "users".* FROM "users"
